<?xml version="1.0" encoding="UTF-8"?>
<testsuite xmlns:xsi="http://www.w3.org/2001/XMLSchema-instance" xsi:noNamespaceSchemaLocation="https://maven.apache.org/surefire/maven-surefire-plugin/xsd/surefire-test-report-3.0.xsd" version="3.0" name="com.examen.prueba.ExamenPruebaApplicationTests" time="7.385" tests="1" errors="1" skipped="0" failures="0">
  <properties>
    <property name="java.specification.version" value="21"/>
    <property name="sun.cpu.isalist" value="amd64"/>
    <property name="sun.jnu.encoding" value="Cp1252"/>
    <property name="java.class.path" value="C:\Users\Lenovo\OneDrive\Escritorio\MiExamenPrueba\mi-examen-prueba\examen-prueba\target\test-classes;C:\Users\Lenovo\OneDrive\Escritorio\MiExamenPrueba\mi-examen-prueba\examen-prueba\target\classes;C:\Users\Lenovo\.m2\repository\org\springframework\boot\spring-boot-starter-data-mongodb\3.1.12\spring-boot-starter-data-mongodb-3.1.12.jar;C:\Users\Lenovo\.m2\repository\org\springframework\boot\spring-boot-starter\3.1.12\spring-boot-starter-3.1.12.jar;C:\Users\Lenovo\.m2\repository\org\springframework\boot\spring-boot-autoconfigure\3.1.12\spring-boot-autoconfigure-3.1.12.jar;C:\Users\Lenovo\.m2\repository\org\springframework\boot\spring-boot-starter-logging\3.1.12\spring-boot-starter-logging-3.1.12.jar;C:\Users\Lenovo\.m2\repository\ch\qos\logback\logback-classic\1.4.14\logback-classic-1.4.14.jar;C:\Users\Lenovo\.m2\repository\ch\qos\logback\logback-core\1.4.14\logback-core-1.4.14.jar;C:\Users\Lenovo\.m2\repository\org\apache\logging\log4j\log4j-to-slf4j\2.20.0\log4j-to-slf4j-2.20.0.jar;C:\Users\Lenovo\.m2\repository\org\apache\logging\log4j\log4j-api\2.20.0\log4j-api-2.20.0.jar;C:\Users\Lenovo\.m2\repository\org\slf4j\jul-to-slf4j\2.0.13\jul-to-slf4j-2.0.13.jar;C:\Users\Lenovo\.m2\repository\jakarta\annotation\jakarta.annotation-api\2.1.1\jakarta.annotation-api-2.1.1.jar;C:\Users\Lenovo\.m2\repository\org\yaml\snakeyaml\1.33\snakeyaml-1.33.jar;C:\Users\Lenovo\.m2\repository\org\mongodb\mongodb-driver-sync\4.9.1\mongodb-driver-sync-4.9.1.jar;C:\Users\Lenovo\.m2\repository\org\mongodb\bson\4.9.1\bson-4.9.1.jar;C:\Users\Lenovo\.m2\repository\org\mongodb\mongodb-driver-core\4.9.1\mongodb-driver-core-4.9.1.jar;C:\Users\Lenovo\.m2\repository\org\mongodb\bson-record-codec\4.9.1\bson-record-codec-4.9.1.jar;C:\Users\Lenovo\.m2\repository\org\springframework\data\spring-data-mongodb\4.1.12\spring-data-mongodb-4.1.12.jar;C:\Users\Lenovo\.m2\repository\org\springframework\spring-beans\6.0.21\spring-beans-6.0.21.jar;C:\Users\Lenovo\.m2\repository\org\springframework\spring-expression\6.0.21\spring-expression-6.0.21.jar;C:\Users\Lenovo\.m2\repository\org\springframework\data\spring-data-commons\3.1.12\spring-data-commons-3.1.12.jar;C:\Users\Lenovo\.m2\repository\org\slf4j\slf4j-api\2.0.13\slf4j-api-2.0.13.jar;C:\Users\Lenovo\.m2\repository\org\springframework\boot\spring-boot-starter-data-redis\3.1.12\spring-boot-starter-data-redis-3.1.12.jar;C:\Users\Lenovo\.m2\repository\org\springframework\data\spring-data-redis\3.1.12\spring-data-redis-3.1.12.jar;C:\Users\Lenovo\.m2\repository\org\springframework\data\spring-data-keyvalue\3.1.12\spring-data-keyvalue-3.1.12.jar;C:\Users\Lenovo\.m2\repository\org\springframework\spring-oxm\6.0.21\spring-oxm-6.0.21.jar;C:\Users\Lenovo\.m2\repository\org\springframework\spring-aop\6.0.21\spring-aop-6.0.21.jar;C:\Users\Lenovo\.m2\repository\org\springframework\spring-context-support\6.0.21\spring-context-support-6.0.21.jar;C:\Users\Lenovo\.m2\repository\io\lettuce\lettuce-core\6.2.7.RELEASE\lettuce-core-6.2.7.RELEASE.jar;C:\Users\Lenovo\.m2\repository\io\netty\netty-common\4.1.110.Final\netty-common-4.1.110.Final.jar;C:\Users\Lenovo\.m2\repository\io\netty\netty-handler\4.1.110.Final\netty-handler-4.1.110.Final.jar;C:\Users\Lenovo\.m2\repository\io\netty\netty-resolver\4.1.110.Final\netty-resolver-4.1.110.Final.jar;C:\Users\Lenovo\.m2\repository\io\netty\netty-buffer\4.1.110.Final\netty-buffer-4.1.110.Final.jar;C:\Users\Lenovo\.m2\repository\io\netty\netty-transport-native-unix-common\4.1.110.Final\netty-transport-native-unix-common-4.1.110.Final.jar;C:\Users\Lenovo\.m2\repository\io\netty\netty-codec\4.1.110.Final\netty-codec-4.1.110.Final.jar;C:\Users\Lenovo\.m2\repository\io\netty\netty-transport\4.1.110.Final\netty-transport-4.1.110.Final.jar;C:\Users\Lenovo\.m2\repository\org\springframework\boot\spring-boot-starter-web\3.1.12\spring-boot-starter-web-3.1.12.jar;C:\Users\Lenovo\.m2\repository\org\springframework\boot\spring-boot-starter-json\3.1.12\spring-boot-starter-json-3.1.12.jar;C:\Users\Lenovo\.m2\repository\com\fasterxml\jackson\datatype\jackson-datatype-jdk8\2.15.4\jackson-datatype-jdk8-2.15.4.jar;C:\Users\Lenovo\.m2\repository\com\fasterxml\jackson\datatype\jackson-datatype-jsr310\2.15.4\jackson-datatype-jsr310-2.15.4.jar;C:\Users\Lenovo\.m2\repository\org\springframework\boot\spring-boot-starter-tomcat\3.1.12\spring-boot-starter-tomcat-3.1.12.jar;C:\Users\Lenovo\.m2\repository\org\apache\tomcat\embed\tomcat-embed-core\10.1.24\tomcat-embed-core-10.1.24.jar;C:\Users\Lenovo\.m2\repository\org\apache\tomcat\embed\tomcat-embed-websocket\10.1.24\tomcat-embed-websocket-10.1.24.jar;C:\Users\Lenovo\.m2\repository\org\springframework\spring-web\6.0.21\spring-web-6.0.21.jar;C:\Users\Lenovo\.m2\repository\org\springframework\spring-webmvc\6.0.21\spring-webmvc-6.0.21.jar;C:\Users\Lenovo\.m2\repository\org\springframework\boot\spring-boot-starter-actuator\3.1.12\spring-boot-starter-actuator-3.1.12.jar;C:\Users\Lenovo\.m2\repository\org\springframework\boot\spring-boot-actuator-autoconfigure\3.1.12\spring-boot-actuator-autoconfigure-3.1.12.jar;C:\Users\Lenovo\.m2\repository\org\springframework\boot\spring-boot-actuator\3.1.12\spring-boot-actuator-3.1.12.jar;C:\Users\Lenovo\.m2\repository\io\micrometer\micrometer-observation\1.11.12\micrometer-observation-1.11.12.jar;C:\Users\Lenovo\.m2\repository\io\micrometer\micrometer-commons\1.11.12\micrometer-commons-1.11.12.jar;C:\Users\Lenovo\.m2\repository\io\micrometer\micrometer-core\1.11.12\micrometer-core-1.11.12.jar;C:\Users\Lenovo\.m2\repository\org\hdrhistogram\HdrHistogram\2.1.12\HdrHistogram-2.1.12.jar;C:\Users\Lenovo\.m2\repository\org\latencyutils\LatencyUtils\2.0.3\LatencyUtils-2.0.3.jar;C:\Users\Lenovo\.m2\repository\org\springframework\kafka\spring-kafka\3.0.17\spring-kafka-3.0.17.jar;C:\Users\Lenovo\.m2\repository\org\springframework\spring-context\6.0.21\spring-context-6.0.21.jar;C:\Users\Lenovo\.m2\repository\org\springframework\spring-messaging\6.0.21\spring-messaging-6.0.21.jar;C:\Users\Lenovo\.m2\repository\org\springframework\spring-tx\6.0.21\spring-tx-6.0.21.jar;C:\Users\Lenovo\.m2\repository\org\springframework\retry\spring-retry\2.0.6\spring-retry-2.0.6.jar;C:\Users\Lenovo\.m2\repository\org\apache\kafka\kafka-clients\3.4.1\kafka-clients-3.4.1.jar;C:\Users\Lenovo\.m2\repository\com\github\luben\zstd-jni\1.5.2-1\zstd-jni-1.5.2-1.jar;C:\Users\Lenovo\.m2\repository\org\lz4\lz4-java\1.8.0\lz4-java-1.8.0.jar;C:\Users\Lenovo\.m2\repository\org\xerial\snappy\snappy-java\1.1.8.4\snappy-java-1.1.8.4.jar;C:\Users\Lenovo\.m2\repository\com\google\code\findbugs\jsr305\3.0.2\jsr305-3.0.2.jar;C:\Users\Lenovo\.m2\repository\org\projectlombok\lombok\1.18.30\lombok-1.18.30.jar;C:\Users\Lenovo\.m2\repository\org\springframework\boot\spring-boot-starter-test\3.1.12\spring-boot-starter-test-3.1.12.jar;C:\Users\Lenovo\.m2\repository\org\springframework\boot\spring-boot-test\3.1.12\spring-boot-test-3.1.12.jar;C:\Users\Lenovo\.m2\repository\org\springframework\boot\spring-boot-test-autoconfigure\3.1.12\spring-boot-test-autoconfigure-3.1.12.jar;C:\Users\Lenovo\.m2\repository\com\jayway\jsonpath\json-path\2.9.0\json-path-2.9.0.jar;C:\Users\Lenovo\.m2\repository\jakarta\xml\bind\jakarta.xml.bind-api\4.0.2\jakarta.xml.bind-api-4.0.2.jar;C:\Users\Lenovo\.m2\repository\jakarta\activation\jakarta.activation-api\2.1.3\jakarta.activation-api-2.1.3.jar;C:\Users\Lenovo\.m2\repository\net\minidev\json-smart\2.4.11\json-smart-2.4.11.jar;C:\Users\Lenovo\.m2\repository\net\minidev\accessors-smart\2.4.11\accessors-smart-2.4.11.jar;C:\Users\Lenovo\.m2\repository\org\ow2\asm\asm\9.3\asm-9.3.jar;C:\Users\Lenovo\.m2\repository\org\assertj\assertj-core\3.24.2\assertj-core-3.24.2.jar;C:\Users\Lenovo\.m2\repository\net\bytebuddy\byte-buddy\1.14.16\byte-buddy-1.14.16.jar;C:\Users\Lenovo\.m2\repository\org\hamcrest\hamcrest\2.2\hamcrest-2.2.jar;C:\Users\Lenovo\.m2\repository\org\junit\jupiter\junit-jupiter\5.9.3\junit-jupiter-5.9.3.jar;C:\Users\Lenovo\.m2\repository\org\junit\jupiter\junit-jupiter-api\5.9.3\junit-jupiter-api-5.9.3.jar;C:\Users\Lenovo\.m2\repository\org\opentest4j\opentest4j\1.2.0\opentest4j-1.2.0.jar;C:\Users\Lenovo\.m2\repository\org\junit\platform\junit-platform-commons\1.9.3\junit-platform-commons-1.9.3.jar;C:\Users\Lenovo\.m2\repository\org\apiguardian\apiguardian-api\1.1.2\apiguardian-api-1.1.2.jar;C:\Users\Lenovo\.m2\repository\org\junit\jupiter\junit-jupiter-params\5.9.3\junit-jupiter-params-5.9.3.jar;C:\Users\Lenovo\.m2\repository\org\junit\jupiter\junit-jupiter-engine\5.9.3\junit-jupiter-engine-5.9.3.jar;C:\Users\Lenovo\.m2\repository\org\junit\platform\junit-platform-engine\1.9.3\junit-platform-engine-1.9.3.jar;C:\Users\Lenovo\.m2\repository\org\mockito\mockito-core\4.8.1\mockito-core-4.8.1.jar;C:\Users\Lenovo\.m2\repository\net\bytebuddy\byte-buddy-agent\1.14.16\byte-buddy-agent-1.14.16.jar;C:\Users\Lenovo\.m2\repository\org\objenesis\objenesis\3.2\objenesis-3.2.jar;C:\Users\Lenovo\.m2\repository\org\mockito\mockito-junit-jupiter\4.8.1\mockito-junit-jupiter-4.8.1.jar;C:\Users\Lenovo\.m2\repository\org\skyscreamer\jsonassert\1.5.1\jsonassert-1.5.1.jar;C:\Users\Lenovo\.m2\repository\com\vaadin\external\google\android-json\0.0.20131108.vaadin1\android-json-0.0.20131108.vaadin1.jar;C:\Users\Lenovo\.m2\repository\org\springframework\spring-core\6.0.21\spring-core-6.0.21.jar;C:\Users\Lenovo\.m2\repository\org\springframework\spring-jcl\6.0.21\spring-jcl-6.0.21.jar;C:\Users\Lenovo\.m2\repository\org\springframework\spring-test\6.0.21\spring-test-6.0.21.jar;C:\Users\Lenovo\.m2\repository\org\xmlunit\xmlunit-core\2.9.1\xmlunit-core-2.9.1.jar;C:\Users\Lenovo\.m2\repository\io\projectreactor\reactor-test\3.5.17\reactor-test-3.5.17.jar;C:\Users\Lenovo\.m2\repository\io\projectreactor\reactor-core\3.5.17\reactor-core-3.5.17.jar;C:\Users\Lenovo\.m2\repository\org\reactivestreams\reactive-streams\1.0.4\reactive-streams-1.0.4.jar;C:\Users\Lenovo\.m2\repository\org\springframework\boot\spring-boot-starter-validation\3.3.4\spring-boot-starter-validation-3.3.4.jar;C:\Users\Lenovo\.m2\repository\org\apache\tomcat\embed\tomcat-embed-el\10.1.24\tomcat-embed-el-10.1.24.jar;C:\Users\Lenovo\.m2\repository\org\hibernate\validator\hibernate-validator\8.0.1.Final\hibernate-validator-8.0.1.Final.jar;C:\Users\Lenovo\.m2\repository\jakarta\validation\jakarta.validation-api\3.0.2\jakarta.validation-api-3.0.2.jar;C:\Users\Lenovo\.m2\repository\org\jboss\logging\jboss-logging\3.5.3.Final\jboss-logging-3.5.3.Final.jar;C:\Users\Lenovo\.m2\repository\com\fasterxml\classmate\1.5.1\classmate-1.5.1.jar;C:\Users\Lenovo\.m2\repository\org\springframework\boot\spring-boot-docker-compose\3.1.12\spring-boot-docker-compose-3.1.12.jar;C:\Users\Lenovo\.m2\repository\org\springframework\boot\spring-boot\3.1.12\spring-boot-3.1.12.jar;C:\Users\Lenovo\.m2\repository\com\fasterxml\jackson\core\jackson-databind\2.15.4\jackson-databind-2.15.4.jar;C:\Users\Lenovo\.m2\repository\com\fasterxml\jackson\core\jackson-annotations\2.15.4\jackson-annotations-2.15.4.jar;C:\Users\Lenovo\.m2\repository\com\fasterxml\jackson\core\jackson-core\2.15.4\jackson-core-2.15.4.jar;C:\Users\Lenovo\.m2\repository\com\fasterxml\jackson\module\jackson-module-parameter-names\2.15.4\jackson-module-parameter-names-2.15.4.jar;"/>
    <property name="java.vm.vendor" value="Amazon.com Inc."/>
    <property name="sun.arch.data.model" value="64"/>
    <property name="user.variant" value=""/>
    <property name="java.vendor.url" value="https://aws.amazon.com/corretto/"/>
    <property name="user.timezone" value="GMT-06:00"/>
    <property name="org.jboss.logging.provider" value="slf4j"/>
    <property name="os.name" value="Windows 11"/>
    <property name="java.vm.specification.version" value="21"/>
    <property name="sun.java.launcher" value="SUN_STANDARD"/>
    <property name="user.country" value="MX"/>
    <property name="sun.boot.library.path" value="C:\Users\Lenovo\.jdks\corretto-21.0.6\bin"/>
    <property name="sun.java.command" value="C:\Users\Lenovo\AppData\Local\Temp\surefire15663408119439738281\surefirebooter-20250315173242678_3.jar C:\Users\Lenovo\AppData\Local\Temp\surefire15663408119439738281 2025-03-15T17-32-42_453-jvmRun1 surefire-20250315173242678_1tmp surefire_0-20250315173242678_2tmp"/>
    <property name="jdk.debug" value="release"/>
    <property name="surefire.test.class.path" value="C:\Users\Lenovo\OneDrive\Escritorio\MiExamenPrueba\mi-examen-prueba\examen-prueba\target\test-classes;C:\Users\Lenovo\OneDrive\Escritorio\MiExamenPrueba\mi-examen-prueba\examen-prueba\target\classes;C:\Users\Lenovo\.m2\repository\org\springframework\boot\spring-boot-starter-data-mongodb\3.1.12\spring-boot-starter-data-mongodb-3.1.12.jar;C:\Users\Lenovo\.m2\repository\org\springframework\boot\spring-boot-starter\3.1.12\spring-boot-starter-3.1.12.jar;C:\Users\Lenovo\.m2\repository\org\springframework\boot\spring-boot-autoconfigure\3.1.12\spring-boot-autoconfigure-3.1.12.jar;C:\Users\Lenovo\.m2\repository\org\springframework\boot\spring-boot-starter-logging\3.1.12\spring-boot-starter-logging-3.1.12.jar;C:\Users\Lenovo\.m2\repository\ch\qos\logback\logback-classic\1.4.14\logback-classic-1.4.14.jar;C:\Users\Lenovo\.m2\repository\ch\qos\logback\logback-core\1.4.14\logback-core-1.4.14.jar;C:\Users\Lenovo\.m2\repository\org\apache\logging\log4j\log4j-to-slf4j\2.20.0\log4j-to-slf4j-2.20.0.jar;C:\Users\Lenovo\.m2\repository\org\apache\logging\log4j\log4j-api\2.20.0\log4j-api-2.20.0.jar;C:\Users\Lenovo\.m2\repository\org\slf4j\jul-to-slf4j\2.0.13\jul-to-slf4j-2.0.13.jar;C:\Users\Lenovo\.m2\repository\jakarta\annotation\jakarta.annotation-api\2.1.1\jakarta.annotation-api-2.1.1.jar;C:\Users\Lenovo\.m2\repository\org\yaml\snakeyaml\1.33\snakeyaml-1.33.jar;C:\Users\Lenovo\.m2\repository\org\mongodb\mongodb-driver-sync\4.9.1\mongodb-driver-sync-4.9.1.jar;C:\Users\Lenovo\.m2\repository\org\mongodb\bson\4.9.1\bson-4.9.1.jar;C:\Users\Lenovo\.m2\repository\org\mongodb\mongodb-driver-core\4.9.1\mongodb-driver-core-4.9.1.jar;C:\Users\Lenovo\.m2\repository\org\mongodb\bson-record-codec\4.9.1\bson-record-codec-4.9.1.jar;C:\Users\Lenovo\.m2\repository\org\springframework\data\spring-data-mongodb\4.1.12\spring-data-mongodb-4.1.12.jar;C:\Users\Lenovo\.m2\repository\org\springframework\spring-beans\6.0.21\spring-beans-6.0.21.jar;C:\Users\Lenovo\.m2\repository\org\springframework\spring-expression\6.0.21\spring-expression-6.0.21.jar;C:\Users\Lenovo\.m2\repository\org\springframework\data\spring-data-commons\3.1.12\spring-data-commons-3.1.12.jar;C:\Users\Lenovo\.m2\repository\org\slf4j\slf4j-api\2.0.13\slf4j-api-2.0.13.jar;C:\Users\Lenovo\.m2\repository\org\springframework\boot\spring-boot-starter-data-redis\3.1.12\spring-boot-starter-data-redis-3.1.12.jar;C:\Users\Lenovo\.m2\repository\org\springframework\data\spring-data-redis\3.1.12\spring-data-redis-3.1.12.jar;C:\Users\Lenovo\.m2\repository\org\springframework\data\spring-data-keyvalue\3.1.12\spring-data-keyvalue-3.1.12.jar;C:\Users\Lenovo\.m2\repository\org\springframework\spring-oxm\6.0.21\spring-oxm-6.0.21.jar;C:\Users\Lenovo\.m2\repository\org\springframework\spring-aop\6.0.21\spring-aop-6.0.21.jar;C:\Users\Lenovo\.m2\repository\org\springframework\spring-context-support\6.0.21\spring-context-support-6.0.21.jar;C:\Users\Lenovo\.m2\repository\io\lettuce\lettuce-core\6.2.7.RELEASE\lettuce-core-6.2.7.RELEASE.jar;C:\Users\Lenovo\.m2\repository\io\netty\netty-common\4.1.110.Final\netty-common-4.1.110.Final.jar;C:\Users\Lenovo\.m2\repository\io\netty\netty-handler\4.1.110.Final\netty-handler-4.1.110.Final.jar;C:\Users\Lenovo\.m2\repository\io\netty\netty-resolver\4.1.110.Final\netty-resolver-4.1.110.Final.jar;C:\Users\Lenovo\.m2\repository\io\netty\netty-buffer\4.1.110.Final\netty-buffer-4.1.110.Final.jar;C:\Users\Lenovo\.m2\repository\io\netty\netty-transport-native-unix-common\4.1.110.Final\netty-transport-native-unix-common-4.1.110.Final.jar;C:\Users\Lenovo\.m2\repository\io\netty\netty-codec\4.1.110.Final\netty-codec-4.1.110.Final.jar;C:\Users\Lenovo\.m2\repository\io\netty\netty-transport\4.1.110.Final\netty-transport-4.1.110.Final.jar;C:\Users\Lenovo\.m2\repository\org\springframework\boot\spring-boot-starter-web\3.1.12\spring-boot-starter-web-3.1.12.jar;C:\Users\Lenovo\.m2\repository\org\springframework\boot\spring-boot-starter-json\3.1.12\spring-boot-starter-json-3.1.12.jar;C:\Users\Lenovo\.m2\repository\com\fasterxml\jackson\datatype\jackson-datatype-jdk8\2.15.4\jackson-datatype-jdk8-2.15.4.jar;C:\Users\Lenovo\.m2\repository\com\fasterxml\jackson\datatype\jackson-datatype-jsr310\2.15.4\jackson-datatype-jsr310-2.15.4.jar;C:\Users\Lenovo\.m2\repository\org\springframework\boot\spring-boot-starter-tomcat\3.1.12\spring-boot-starter-tomcat-3.1.12.jar;C:\Users\Lenovo\.m2\repository\org\apache\tomcat\embed\tomcat-embed-core\10.1.24\tomcat-embed-core-10.1.24.jar;C:\Users\Lenovo\.m2\repository\org\apache\tomcat\embed\tomcat-embed-websocket\10.1.24\tomcat-embed-websocket-10.1.24.jar;C:\Users\Lenovo\.m2\repository\org\springframework\spring-web\6.0.21\spring-web-6.0.21.jar;C:\Users\Lenovo\.m2\repository\org\springframework\spring-webmvc\6.0.21\spring-webmvc-6.0.21.jar;C:\Users\Lenovo\.m2\repository\org\springframework\boot\spring-boot-starter-actuator\3.1.12\spring-boot-starter-actuator-3.1.12.jar;C:\Users\Lenovo\.m2\repository\org\springframework\boot\spring-boot-actuator-autoconfigure\3.1.12\spring-boot-actuator-autoconfigure-3.1.12.jar;C:\Users\Lenovo\.m2\repository\org\springframework\boot\spring-boot-actuator\3.1.12\spring-boot-actuator-3.1.12.jar;C:\Users\Lenovo\.m2\repository\io\micrometer\micrometer-observation\1.11.12\micrometer-observation-1.11.12.jar;C:\Users\Lenovo\.m2\repository\io\micrometer\micrometer-commons\1.11.12\micrometer-commons-1.11.12.jar;C:\Users\Lenovo\.m2\repository\io\micrometer\micrometer-core\1.11.12\micrometer-core-1.11.12.jar;C:\Users\Lenovo\.m2\repository\org\hdrhistogram\HdrHistogram\2.1.12\HdrHistogram-2.1.12.jar;C:\Users\Lenovo\.m2\repository\org\latencyutils\LatencyUtils\2.0.3\LatencyUtils-2.0.3.jar;C:\Users\Lenovo\.m2\repository\org\springframework\kafka\spring-kafka\3.0.17\spring-kafka-3.0.17.jar;C:\Users\Lenovo\.m2\repository\org\springframework\spring-context\6.0.21\spring-context-6.0.21.jar;C:\Users\Lenovo\.m2\repository\org\springframework\spring-messaging\6.0.21\spring-messaging-6.0.21.jar;C:\Users\Lenovo\.m2\repository\org\springframework\spring-tx\6.0.21\spring-tx-6.0.21.jar;C:\Users\Lenovo\.m2\repository\org\springframework\retry\spring-retry\2.0.6\spring-retry-2.0.6.jar;C:\Users\Lenovo\.m2\repository\org\apache\kafka\kafka-clients\3.4.1\kafka-clients-3.4.1.jar;C:\Users\Lenovo\.m2\repository\com\github\luben\zstd-jni\1.5.2-1\zstd-jni-1.5.2-1.jar;C:\Users\Lenovo\.m2\repository\org\lz4\lz4-java\1.8.0\lz4-java-1.8.0.jar;C:\Users\Lenovo\.m2\repository\org\xerial\snappy\snappy-java\1.1.8.4\snappy-java-1.1.8.4.jar;C:\Users\Lenovo\.m2\repository\com\google\code\findbugs\jsr305\3.0.2\jsr305-3.0.2.jar;C:\Users\Lenovo\.m2\repository\org\projectlombok\lombok\1.18.30\lombok-1.18.30.jar;C:\Users\Lenovo\.m2\repository\org\springframework\boot\spring-boot-starter-test\3.1.12\spring-boot-starter-test-3.1.12.jar;C:\Users\Lenovo\.m2\repository\org\springframework\boot\spring-boot-test\3.1.12\spring-boot-test-3.1.12.jar;C:\Users\Lenovo\.m2\repository\org\springframework\boot\spring-boot-test-autoconfigure\3.1.12\spring-boot-test-autoconfigure-3.1.12.jar;C:\Users\Lenovo\.m2\repository\com\jayway\jsonpath\json-path\2.9.0\json-path-2.9.0.jar;C:\Users\Lenovo\.m2\repository\jakarta\xml\bind\jakarta.xml.bind-api\4.0.2\jakarta.xml.bind-api-4.0.2.jar;C:\Users\Lenovo\.m2\repository\jakarta\activation\jakarta.activation-api\2.1.3\jakarta.activation-api-2.1.3.jar;C:\Users\Lenovo\.m2\repository\net\minidev\json-smart\2.4.11\json-smart-2.4.11.jar;C:\Users\Lenovo\.m2\repository\net\minidev\accessors-smart\2.4.11\accessors-smart-2.4.11.jar;C:\Users\Lenovo\.m2\repository\org\ow2\asm\asm\9.3\asm-9.3.jar;C:\Users\Lenovo\.m2\repository\org\assertj\assertj-core\3.24.2\assertj-core-3.24.2.jar;C:\Users\Lenovo\.m2\repository\net\bytebuddy\byte-buddy\1.14.16\byte-buddy-1.14.16.jar;C:\Users\Lenovo\.m2\repository\org\hamcrest\hamcrest\2.2\hamcrest-2.2.jar;C:\Users\Lenovo\.m2\repository\org\junit\jupiter\junit-jupiter\5.9.3\junit-jupiter-5.9.3.jar;C:\Users\Lenovo\.m2\repository\org\junit\jupiter\junit-jupiter-api\5.9.3\junit-jupiter-api-5.9.3.jar;C:\Users\Lenovo\.m2\repository\org\opentest4j\opentest4j\1.2.0\opentest4j-1.2.0.jar;C:\Users\Lenovo\.m2\repository\org\junit\platform\junit-platform-commons\1.9.3\junit-platform-commons-1.9.3.jar;C:\Users\Lenovo\.m2\repository\org\apiguardian\apiguardian-api\1.1.2\apiguardian-api-1.1.2.jar;C:\Users\Lenovo\.m2\repository\org\junit\jupiter\junit-jupiter-params\5.9.3\junit-jupiter-params-5.9.3.jar;C:\Users\Lenovo\.m2\repository\org\junit\jupiter\junit-jupiter-engine\5.9.3\junit-jupiter-engine-5.9.3.jar;C:\Users\Lenovo\.m2\repository\org\junit\platform\junit-platform-engine\1.9.3\junit-platform-engine-1.9.3.jar;C:\Users\Lenovo\.m2\repository\org\mockito\mockito-core\4.8.1\mockito-core-4.8.1.jar;C:\Users\Lenovo\.m2\repository\net\bytebuddy\byte-buddy-agent\1.14.16\byte-buddy-agent-1.14.16.jar;C:\Users\Lenovo\.m2\repository\org\objenesis\objenesis\3.2\objenesis-3.2.jar;C:\Users\Lenovo\.m2\repository\org\mockito\mockito-junit-jupiter\4.8.1\mockito-junit-jupiter-4.8.1.jar;C:\Users\Lenovo\.m2\repository\org\skyscreamer\jsonassert\1.5.1\jsonassert-1.5.1.jar;C:\Users\Lenovo\.m2\repository\com\vaadin\external\google\android-json\0.0.20131108.vaadin1\android-json-0.0.20131108.vaadin1.jar;C:\Users\Lenovo\.m2\repository\org\springframework\spring-core\6.0.21\spring-core-6.0.21.jar;C:\Users\Lenovo\.m2\repository\org\springframework\spring-jcl\6.0.21\spring-jcl-6.0.21.jar;C:\Users\Lenovo\.m2\repository\org\springframework\spring-test\6.0.21\spring-test-6.0.21.jar;C:\Users\Lenovo\.m2\repository\org\xmlunit\xmlunit-core\2.9.1\xmlunit-core-2.9.1.jar;C:\Users\Lenovo\.m2\repository\io\projectreactor\reactor-test\3.5.17\reactor-test-3.5.17.jar;C:\Users\Lenovo\.m2\repository\io\projectreactor\reactor-core\3.5.17\reactor-core-3.5.17.jar;C:\Users\Lenovo\.m2\repository\org\reactivestreams\reactive-streams\1.0.4\reactive-streams-1.0.4.jar;C:\Users\Lenovo\.m2\repository\org\springframework\boot\spring-boot-starter-validation\3.3.4\spring-boot-starter-validation-3.3.4.jar;C:\Users\Lenovo\.m2\repository\org\apache\tomcat\embed\tomcat-embed-el\10.1.24\tomcat-embed-el-10.1.24.jar;C:\Users\Lenovo\.m2\repository\org\hibernate\validator\hibernate-validator\8.0.1.Final\hibernate-validator-8.0.1.Final.jar;C:\Users\Lenovo\.m2\repository\jakarta\validation\jakarta.validation-api\3.0.2\jakarta.validation-api-3.0.2.jar;C:\Users\Lenovo\.m2\repository\org\jboss\logging\jboss-logging\3.5.3.Final\jboss-logging-3.5.3.Final.jar;C:\Users\Lenovo\.m2\repository\com\fasterxml\classmate\1.5.1\classmate-1.5.1.jar;C:\Users\Lenovo\.m2\repository\org\springframework\boot\spring-boot-docker-compose\3.1.12\spring-boot-docker-compose-3.1.12.jar;C:\Users\Lenovo\.m2\repository\org\springframework\boot\spring-boot\3.1.12\spring-boot-3.1.12.jar;C:\Users\Lenovo\.m2\repository\com\fasterxml\jackson\core\jackson-databind\2.15.4\jackson-databind-2.15.4.jar;C:\Users\Lenovo\.m2\repository\com\fasterxml\jackson\core\jackson-annotations\2.15.4\jackson-annotations-2.15.4.jar;C:\Users\Lenovo\.m2\repository\com\fasterxml\jackson\core\jackson-core\2.15.4\jackson-core-2.15.4.jar;C:\Users\Lenovo\.m2\repository\com\fasterxml\jackson\module\jackson-module-parameter-names\2.15.4\jackson-module-parameter-names-2.15.4.jar;"/>
    <property name="sun.cpu.endian" value="little"/>
    <property name="user.home" value="C:\Users\Lenovo"/>
    <property name="user.language" value="es"/>
    <property name="java.specification.vendor" value="Oracle Corporation"/>
    <property name="java.version.date" value="2025-01-21"/>
    <property name="java.home" value="C:\Users\Lenovo\.jdks\corretto-21.0.6"/>
    <property name="file.separator" value="\"/>
    <property name="basedir" value="C:\Users\Lenovo\OneDrive\Escritorio\MiExamenPrueba\mi-examen-prueba\examen-prueba"/>
    <property name="java.vm.compressedOopsMode" value="Zero based"/>
    <property name="line.separator" value="&#10;"/>
    <property name="java.vm.specification.vendor" value="Oracle Corporation"/>
    <property name="java.specification.name" value="Java Platform API Specification"/>
    <property name="FILE_LOG_CHARSET" value="UTF-8"/>
    <property name="java.awt.headless" value="true"/>
    <property name="surefire.real.class.path" value="C:\Users\Lenovo\AppData\Local\Temp\surefire15663408119439738281\surefirebooter-20250315173242678_3.jar"/>
    <property name="user.script" value=""/>
    <property name="sun.management.compiler" value="HotSpot 64-Bit Tiered Compilers"/>
    <property name="java.runtime.version" value="21.0.6+7-LTS"/>
    <property name="user.name" value="Lenovo"/>
    <property name="stdout.encoding" value="Cp1252"/>
    <property name="path.separator" value=";"/>
    <property name="os.version" value="10.0"/>
    <property name="java.runtime.name" value="OpenJDK Runtime Environment"/>
    <property name="file.encoding" value="UTF-8"/>
    <property name="java.vm.name" value="OpenJDK 64-Bit Server VM"/>
    <property name="java.vendor.version" value="Corretto-21.0.6.7.1"/>
    <property name="localRepository" value="C:\Users\Lenovo\.m2\repository"/>
    <property name="java.vendor.url.bug" value="https://github.com/corretto/corretto-21/issues/"/>
    <property name="java.io.tmpdir" value="C:\Users\Lenovo\AppData\Local\Temp\"/>
    <property name="idea.version" value="2024.3.2.2"/>
    <property name="java.version" value="21.0.6"/>
    <property name="user.dir" value="C:\Users\Lenovo\OneDrive\Escritorio\MiExamenPrueba\mi-examen-prueba\examen-prueba"/>
    <property name="os.arch" value="amd64"/>
    <property name="java.vm.specification.name" value="Java Virtual Machine Specification"/>
    <property name="PID" value="6832"/>
    <property name="sun.os.patch.level" value=""/>
    <property name="CONSOLE_LOG_CHARSET" value="UTF-8"/>
    <property name="native.encoding" value="Cp1252"/>
    <property name="java.library.path" value="C:\Users\Lenovo\.jdks\corretto-21.0.6\bin;C:\WINDOWS\Sun\Java\bin;C:\WINDOWS\system32;C:\WINDOWS;C:\Python313\Scripts\;C:\Python313\;C:\Program Files\Common Files\Oracle\Java\javapath;C:\Python310\Scripts\;C:\Python310\;C:\Program Files (x86)\Common Files\Oracle\Java\javapath;C:\WINDOWS\system32;C:\WINDOWS;C:\WINDOWS\System32\Wbem;C:\WINDOWS\System32\WindowsPowerShell\v1.0\;C:\WINDOWS\System32\OpenSSH\;C:\ProgramData\chocolatey\bin;C:\Program Files\Java\jdk-11.0.13\bin;C:\Program Files\dotnet\;C:\Program Files\Common Files\Autodesk Shared\;C:\Users\Lenovo\OneDrive\Escritorio\tutoriales\vault;;C:\Program Files\Docker\Docker\resources\bin;C:\Program Files\nodejs\;C:\Users\Lenovo\AppData\Local\Microsoft\WindowsApps;C:\Program Files\JetBrains\IntelliJ IDEA 2021.3.2\bin;C:\Program Files\Java\jdk-11.0.13\bin;C:\Users\Lenovo\AppData\Roaming\Programs\Zero Install;C:\Users\Lenovo\OneDrive\Escritorio\tutoriales\vault;;C:\Users\Lenovo\AppData\Local\Microsoft\WindowsApps;C:\Users\Lenovo\AppData\Local\Programs\Microsoft VS Code\bin;C:\Users\Lenovo\AppData\Roaming\npm;."/>
    <property name="java.vm.info" value="mixed mode, sharing"/>
    <property name="stderr.encoding" value="Cp1252"/>
    <property name="java.vendor" value="Amazon.com Inc."/>
    <property name="java.vm.version" value="21.0.6+7-LTS"/>
    <property name="sun.io.unicode.encoding" value="UnicodeLittle"/>
    <property name="java.class.version" value="65.0"/>
  </properties>
  <testcase name="contextLoads" classname="com.examen.prueba.ExamenPruebaApplicationTests" time="0.045">
    <error message="Failed to load ApplicationContext for [WebMergedContextConfiguration@3cd46491 testClass = com.examen.prueba.ExamenPruebaApplicationTests, locations = [], classes = [com.examen.prueba.ExamenPruebaApplication], contextInitializerClasses = [], activeProfiles = [], propertySourceLocations = [], propertySourceProperties = [&quot;org.springframework.boot.test.context.SpringBootTestContextBootstrapper=true&quot;], contextCustomizers = [org.springframework.boot.test.context.filter.ExcludeFilterContextCustomizer@5a5a729f, org.springframework.boot.test.json.DuplicateJsonObjectContextCustomizerFactory$DuplicateJsonObjectContextCustomizer@3932c79a, org.springframework.boot.test.mock.mockito.MockitoContextCustomizer@0, org.springframework.boot.test.web.client.TestRestTemplateContextCustomizer@5c86a017, org.springframework.boot.test.autoconfigure.actuate.observability.ObservabilityContextCustomizerFactory$DisableObservabilityContextCustomizer@1f, org.springframework.boot.test.autoconfigure.properties.PropertyMappingContextCustomizer@0, org.springframework.boot.test.autoconfigure.web.servlet.WebDriverContextCustomizer@1c9b0314, org.springframework.boot.test.context.SpringBootTestAnnotation@9b48d934], resourceBasePath = &quot;src/main/webapp&quot;, contextLoader = org.springframework.boot.test.context.SpringBootContextLoader, parent = null]" type="java.lang.IllegalStateException"><![CDATA[java.lang.IllegalStateException: Failed to load ApplicationContext for [WebMergedContextConfiguration@3cd46491 testClass = com.examen.prueba.ExamenPruebaApplicationTests, locations = [], classes = [com.examen.prueba.ExamenPruebaApplication], contextInitializerClasses = [], activeProfiles = [], propertySourceLocations = [], propertySourceProperties = ["org.springframework.boot.test.context.SpringBootTestContextBootstrapper=true"], contextCustomizers = [org.springframework.boot.test.context.filter.ExcludeFilterContextCustomizer@5a5a729f, org.springframework.boot.test.json.DuplicateJsonObjectContextCustomizerFactory$DuplicateJsonObjectContextCustomizer@3932c79a, org.springframework.boot.test.mock.mockito.MockitoContextCustomizer@0, org.springframework.boot.test.web.client.TestRestTemplateContextCustomizer@5c86a017, org.springframework.boot.test.autoconfigure.actuate.observability.ObservabilityContextCustomizerFactory$DisableObservabilityContextCustomizer@1f, org.springframework.boot.test.autoconfigure.properties.PropertyMappingContextCustomizer@0, org.springframework.boot.test.autoconfigure.web.servlet.WebDriverContextCustomizer@1c9b0314, org.springframework.boot.test.context.SpringBootTestAnnotation@9b48d934], resourceBasePath = "src/main/webapp", contextLoader = org.springframework.boot.test.context.SpringBootContextLoader, parent = null]
	at org.springframework.test.context.cache.DefaultCacheAwareContextLoaderDelegate.loadContext(DefaultCacheAwareContextLoaderDelegate.java:143)
	at org.springframework.test.context.support.DefaultTestContext.getApplicationContext(DefaultTestContext.java:127)
	at org.springframework.test.context.web.ServletTestExecutionListener.setUpRequestContextIfNecessary(ServletTestExecutionListener.java:191)
	at org.springframework.test.context.web.ServletTestExecutionListener.prepareTestInstance(ServletTestExecutionListener.java:130)
	at org.springframework.test.context.TestContextManager.prepareTestInstance(TestContextManager.java:241)
	at org.springframework.test.context.junit.jupiter.SpringExtension.postProcessTestInstance(SpringExtension.java:138)
	at org.junit.jupiter.engine.descriptor.ClassBasedTestDescriptor.lambda$invokeTestInstancePostProcessors$10(ClassBasedTestDescriptor.java:377)
	at org.junit.jupiter.engine.descriptor.ClassBasedTestDescriptor.executeAndMaskThrowable(ClassBasedTestDescriptor.java:382)
	at org.junit.jupiter.engine.descriptor.ClassBasedTestDescriptor.lambda$invokeTestInstancePostProcessors$11(ClassBasedTestDescriptor.java:377)
	at java.base/java.util.stream.ReferencePipeline$3$1.accept(ReferencePipeline.java:197)
	at java.base/java.util.stream.ReferencePipeline$2$1.accept(ReferencePipeline.java:179)
	at java.base/java.util.ArrayList$ArrayListSpliterator.forEachRemaining(ArrayList.java:1708)
	at java.base/java.util.stream.AbstractPipeline.copyInto(AbstractPipeline.java:509)
	at java.base/java.util.stream.AbstractPipeline.wrapAndCopyInto(AbstractPipeline.java:499)
	at java.base/java.util.stream.StreamSpliterators$WrappingSpliterator.forEachRemaining(StreamSpliterators.java:310)
	at java.base/java.util.stream.Streams$ConcatSpliterator.forEachRemaining(Streams.java:735)
	at java.base/java.util.stream.Streams$ConcatSpliterator.forEachRemaining(Streams.java:734)
	at java.base/java.util.stream.ReferencePipeline$Head.forEach(ReferencePipeline.java:762)
	at org.junit.jupiter.engine.descriptor.ClassBasedTestDescriptor.invokeTestInstancePostProcessors(ClassBasedTestDescriptor.java:376)
	at org.junit.jupiter.engine.descriptor.ClassBasedTestDescriptor.lambda$instantiateAndPostProcessTestInstance$6(ClassBasedTestDescriptor.java:289)
	at org.junit.platform.engine.support.hierarchical.ThrowableCollector.execute(ThrowableCollector.java:73)
	at org.junit.jupiter.engine.descriptor.ClassBasedTestDescriptor.instantiateAndPostProcessTestInstance(ClassBasedTestDescriptor.java:288)
	at org.junit.jupiter.engine.descriptor.ClassBasedTestDescriptor.lambda$testInstancesProvider$4(ClassBasedTestDescriptor.java:278)
	at java.base/java.util.Optional.orElseGet(Optional.java:364)
	at org.junit.jupiter.engine.descriptor.ClassBasedTestDescriptor.lambda$testInstancesProvider$5(ClassBasedTestDescriptor.java:277)
	at org.junit.jupiter.engine.execution.TestInstancesProvider.getTestInstances(TestInstancesProvider.java:31)
	at org.junit.jupiter.engine.descriptor.TestMethodTestDescriptor.lambda$prepare$0(TestMethodTestDescriptor.java:105)
	at org.junit.platform.engine.support.hierarchical.ThrowableCollector.execute(ThrowableCollector.java:73)
	at org.junit.jupiter.engine.descriptor.TestMethodTestDescriptor.prepare(TestMethodTestDescriptor.java:104)
	at org.junit.jupiter.engine.descriptor.TestMethodTestDescriptor.prepare(TestMethodTestDescriptor.java:68)
	at org.junit.platform.engine.support.hierarchical.NodeTestTask.lambda$prepare$2(NodeTestTask.java:123)
	at org.junit.platform.engine.support.hierarchical.ThrowableCollector.execute(ThrowableCollector.java:73)
	at org.junit.platform.engine.support.hierarchical.NodeTestTask.prepare(NodeTestTask.java:123)
	at org.junit.platform.engine.support.hierarchical.NodeTestTask.execute(NodeTestTask.java:90)
	at java.base/java.util.ArrayList.forEach(ArrayList.java:1596)
	at org.junit.platform.engine.support.hierarchical.SameThreadHierarchicalTestExecutorService.invokeAll(SameThreadHierarchicalTestExecutorService.java:41)
	at org.junit.platform.engine.support.hierarchical.NodeTestTask.lambda$executeRecursively$6(NodeTestTask.java:155)
	at org.junit.platform.engine.support.hierarchical.ThrowableCollector.execute(ThrowableCollector.java:73)
	at org.junit.platform.engine.support.hierarchical.NodeTestTask.lambda$executeRecursively$8(NodeTestTask.java:141)
	at org.junit.platform.engine.support.hierarchical.Node.around(Node.java:137)
	at org.junit.platform.engine.support.hierarchical.NodeTestTask.lambda$executeRecursively$9(NodeTestTask.java:139)
	at org.junit.platform.engine.support.hierarchical.ThrowableCollector.execute(ThrowableCollector.java:73)
	at org.junit.platform.engine.support.hierarchical.NodeTestTask.executeRecursively(NodeTestTask.java:138)
	at org.junit.platform.engine.support.hierarchical.NodeTestTask.execute(NodeTestTask.java:95)
	at java.base/java.util.ArrayList.forEach(ArrayList.java:1596)
	at org.junit.platform.engine.support.hierarchical.SameThreadHierarchicalTestExecutorService.invokeAll(SameThreadHierarchicalTestExecutorService.java:41)
	at org.junit.platform.engine.support.hierarchical.NodeTestTask.lambda$executeRecursively$6(NodeTestTask.java:155)
	at org.junit.platform.engine.support.hierarchical.ThrowableCollector.execute(ThrowableCollector.java:73)
	at org.junit.platform.engine.support.hierarchical.NodeTestTask.lambda$executeRecursively$8(NodeTestTask.java:141)
	at org.junit.platform.engine.support.hierarchical.Node.around(Node.java:137)
	at org.junit.platform.engine.support.hierarchical.NodeTestTask.lambda$executeRecursively$9(NodeTestTask.java:139)
	at org.junit.platform.engine.support.hierarchical.ThrowableCollector.execute(ThrowableCollector.java:73)
	at org.junit.platform.engine.support.hierarchical.NodeTestTask.executeRecursively(NodeTestTask.java:138)
	at org.junit.platform.engine.support.hierarchical.NodeTestTask.execute(NodeTestTask.java:95)
	at org.junit.platform.engine.support.hierarchical.SameThreadHierarchicalTestExecutorService.submit(SameThreadHierarchicalTestExecutorService.java:35)
	at org.junit.platform.engine.support.hierarchical.HierarchicalTestExecutor.execute(HierarchicalTestExecutor.java:57)
	at org.junit.platform.engine.support.hierarchical.HierarchicalTestEngine.execute(HierarchicalTestEngine.java:54)
	at org.junit.platform.launcher.core.EngineExecutionOrchestrator.execute(EngineExecutionOrchestrator.java:147)
	at org.junit.platform.launcher.core.EngineExecutionOrchestrator.execute(EngineExecutionOrchestrator.java:127)
	at org.junit.platform.launcher.core.EngineExecutionOrchestrator.execute(EngineExecutionOrchestrator.java:90)
	at org.junit.platform.launcher.core.EngineExecutionOrchestrator.lambda$execute$0(EngineExecutionOrchestrator.java:55)
	at org.junit.platform.launcher.core.EngineExecutionOrchestrator.withInterceptedStreams(EngineExecutionOrchestrator.java:102)
	at org.junit.platform.launcher.core.EngineExecutionOrchestrator.execute(EngineExecutionOrchestrator.java:54)
	at org.junit.platform.launcher.core.DefaultLauncher.execute(DefaultLauncher.java:114)
	at org.junit.platform.launcher.core.DefaultLauncher.execute(DefaultLauncher.java:86)
	at org.junit.platform.launcher.core.DefaultLauncherSession$DelegatingLauncher.execute(DefaultLauncherSession.java:86)
	at org.apache.maven.surefire.junitplatform.LazyLauncher.execute(LazyLauncher.java:50)
	at org.apache.maven.surefire.junitplatform.JUnitPlatformProvider.execute(JUnitPlatformProvider.java:184)
	at org.apache.maven.surefire.junitplatform.JUnitPlatformProvider.invokeAllTests(JUnitPlatformProvider.java:148)
	at org.apache.maven.surefire.junitplatform.JUnitPlatformProvider.invoke(JUnitPlatformProvider.java:122)
	at org.apache.maven.surefire.booter.ForkedBooter.runSuitesInProcess(ForkedBooter.java:385)
	at org.apache.maven.surefire.booter.ForkedBooter.execute(ForkedBooter.java:162)
	at org.apache.maven.surefire.booter.ForkedBooter.run(ForkedBooter.java:507)
	at org.apache.maven.surefire.booter.ForkedBooter.main(ForkedBooter.java:495)
Caused by: org.springframework.beans.factory.UnsatisfiedDependencyException: Error creating bean with name 'telefonoController' defined in file [C:\Users\Lenovo\OneDrive\Escritorio\MiExamenPrueba\mi-examen-prueba\examen-prueba\target\classes\com\examen\prueba\controller\TelefonoController.class]: Unsatisfied dependency expressed through constructor parameter 0: Error creating bean with name 'telefonoService' defined in file [C:\Users\Lenovo\OneDrive\Escritorio\MiExamenPrueba\mi-examen-prueba\examen-prueba\target\classes\com\examen\prueba\service\TelefonoService.class]: Unsatisfied dependency expressed through constructor parameter 0: Error creating bean with name 'telefonoRepository' defined in com.examen.prueba.repository.TelefonoRepository defined in @EnableMongoRepositories declared on MongoRepositoriesRegistrar.EnableMongoRepositoriesConfiguration: Cannot resolve reference to bean 'mongoTemplate' while setting bean property 'mongoOperations'
	at org.springframework.beans.factory.support.ConstructorResolver.createArgumentArray(ConstructorResolver.java:794)
	at org.springframework.beans.factory.support.ConstructorResolver.autowireConstructor(ConstructorResolver.java:236)
	at org.springframework.beans.factory.support.AbstractAutowireCapableBeanFactory.autowireConstructor(AbstractAutowireCapableBeanFactory.java:1350)
	at org.springframework.beans.factory.support.AbstractAutowireCapableBeanFactory.createBeanInstance(AbstractAutowireCapableBeanFactory.java:1187)
	at org.springframework.beans.factory.support.AbstractAutowireCapableBeanFactory.doCreateBean(AbstractAutowireCapableBeanFactory.java:558)
	at org.springframework.beans.factory.support.AbstractAutowireCapableBeanFactory.createBean(AbstractAutowireCapableBeanFactory.java:518)
	at org.springframework.beans.factory.support.AbstractBeanFactory.lambda$doGetBean$0(AbstractBeanFactory.java:326)
	at org.springframework.beans.factory.support.DefaultSingletonBeanRegistry.getSingleton(DefaultSingletonBeanRegistry.java:234)
	at org.springframework.beans.factory.support.AbstractBeanFactory.doGetBean(AbstractBeanFactory.java:324)
	at org.springframework.beans.factory.support.AbstractBeanFactory.getBean(AbstractBeanFactory.java:200)
	at org.springframework.beans.factory.support.DefaultListableBeanFactory.preInstantiateSingletons(DefaultListableBeanFactory.java:973)
	at org.springframework.context.support.AbstractApplicationContext.finishBeanFactoryInitialization(AbstractApplicationContext.java:952)
	at org.springframework.context.support.AbstractApplicationContext.refresh(AbstractApplicationContext.java:615)
	at org.springframework.boot.SpringApplication.refresh(SpringApplication.java:739)
	at org.springframework.boot.SpringApplication.refreshContext(SpringApplication.java:441)
	at org.springframework.boot.SpringApplication.run(SpringApplication.java:325)
	at org.springframework.boot.test.context.SpringBootContextLoader.lambda$loadContext$3(SpringBootContextLoader.java:137)
	at org.springframework.util.function.ThrowingSupplier.get(ThrowingSupplier.java:58)
	at org.springframework.util.function.ThrowingSupplier.get(ThrowingSupplier.java:46)
	at org.springframework.boot.SpringApplication.withHook(SpringApplication.java:1427)
	at org.springframework.boot.test.context.SpringBootContextLoader$ContextLoaderHook.run(SpringBootContextLoader.java:546)
	at org.springframework.boot.test.context.SpringBootContextLoader.loadContext(SpringBootContextLoader.java:137)
	at org.springframework.boot.test.context.SpringBootContextLoader.loadContext(SpringBootContextLoader.java:108)
	at org.springframework.test.context.cache.DefaultCacheAwareContextLoaderDelegate.loadContextInternal(DefaultCacheAwareContextLoaderDelegate.java:187)
	at org.springframework.test.context.cache.DefaultCacheAwareContextLoaderDelegate.loadContext(DefaultCacheAwareContextLoaderDelegate.java:119)
	... 73 more
Caused by: org.springframework.beans.factory.UnsatisfiedDependencyException: Error creating bean with name 'telefonoService' defined in file [C:\Users\Lenovo\OneDrive\Escritorio\MiExamenPrueba\mi-examen-prueba\examen-prueba\target\classes\com\examen\prueba\service\TelefonoService.class]: Unsatisfied dependency expressed through constructor parameter 0: Error creating bean with name 'telefonoRepository' defined in com.examen.prueba.repository.TelefonoRepository defined in @EnableMongoRepositories declared on MongoRepositoriesRegistrar.EnableMongoRepositoriesConfiguration: Cannot resolve reference to bean 'mongoTemplate' while setting bean property 'mongoOperations'
	at org.springframework.beans.factory.support.ConstructorResolver.createArgumentArray(ConstructorResolver.java:794)
	at org.springframework.beans.factory.support.ConstructorResolver.autowireConstructor(ConstructorResolver.java:236)
	at org.springframework.beans.factory.support.AbstractAutowireCapableBeanFactory.autowireConstructor(AbstractAutowireCapableBeanFactory.java:1350)
	at org.springframework.beans.factory.support.AbstractAutowireCapableBeanFactory.createBeanInstance(AbstractAutowireCapableBeanFactory.java:1187)
	at org.springframework.beans.factory.support.AbstractAutowireCapableBeanFactory.doCreateBean(AbstractAutowireCapableBeanFactory.java:558)
	at org.springframework.beans.factory.support.AbstractAutowireCapableBeanFactory.createBean(AbstractAutowireCapableBeanFactory.java:518)
	at org.springframework.beans.factory.support.AbstractBeanFactory.lambda$doGetBean$0(AbstractBeanFactory.java:326)
	at org.springframework.beans.factory.support.DefaultSingletonBeanRegistry.getSingleton(DefaultSingletonBeanRegistry.java:234)
	at org.springframework.beans.factory.support.AbstractBeanFactory.doGetBean(AbstractBeanFactory.java:324)
	at org.springframework.beans.factory.support.AbstractBeanFactory.getBean(AbstractBeanFactory.java:200)
	at org.springframework.beans.factory.config.DependencyDescriptor.resolveCandidate(DependencyDescriptor.java:254)
	at org.springframework.beans.factory.support.DefaultListableBeanFactory.doResolveDependency(DefaultListableBeanFactory.java:1417)
	at org.springframework.beans.factory.support.DefaultListableBeanFactory.resolveDependency(DefaultListableBeanFactory.java:1337)
	at org.springframework.beans.factory.support.ConstructorResolver.resolveAutowiredArgument(ConstructorResolver.java:903)
	at org.springframework.beans.factory.support.ConstructorResolver.createArgumentArray(ConstructorResolver.java:781)
	... 97 more
Caused by: org.springframework.beans.factory.BeanCreationException: Error creating bean with name 'telefonoRepository' defined in com.examen.prueba.repository.TelefonoRepository defined in @EnableMongoRepositories declared on MongoRepositoriesRegistrar.EnableMongoRepositoriesConfiguration: Cannot resolve reference to bean 'mongoTemplate' while setting bean property 'mongoOperations'
	at org.springframework.beans.factory.support.BeanDefinitionValueResolver.resolveReference(BeanDefinitionValueResolver.java:377)
	at org.springframework.beans.factory.support.BeanDefinitionValueResolver.resolveValueIfNecessary(BeanDefinitionValueResolver.java:135)
	at org.springframework.beans.factory.support.AbstractAutowireCapableBeanFactory.applyPropertyValues(AbstractAutowireCapableBeanFactory.java:1680)
	at org.springframework.beans.factory.support.AbstractAutowireCapableBeanFactory.populateBean(AbstractAutowireCapableBeanFactory.java:1429)
	at org.springframework.beans.factory.support.AbstractAutowireCapableBeanFactory.doCreateBean(AbstractAutowireCapableBeanFactory.java:595)
	at org.springframework.beans.factory.support.AbstractAutowireCapableBeanFactory.createBean(AbstractAutowireCapableBeanFactory.java:518)
	at org.springframework.beans.factory.support.AbstractBeanFactory.lambda$doGetBean$0(AbstractBeanFactory.java:326)
	at org.springframework.beans.factory.support.DefaultSingletonBeanRegistry.getSingleton(DefaultSingletonBeanRegistry.java:234)
	at org.springframework.beans.factory.support.AbstractBeanFactory.doGetBean(AbstractBeanFactory.java:324)
	at org.springframework.beans.factory.support.AbstractBeanFactory.getBean(AbstractBeanFactory.java:200)
	at org.springframework.beans.factory.config.DependencyDescriptor.resolveCandidate(DependencyDescriptor.java:254)
	at org.springframework.beans.factory.support.DefaultListableBeanFactory.doResolveDependency(DefaultListableBeanFactory.java:1417)
	at org.springframework.beans.factory.support.DefaultListableBeanFactory.resolveDependency(DefaultListableBeanFactory.java:1337)
	at org.springframework.beans.factory.support.ConstructorResolver.resolveAutowiredArgument(ConstructorResolver.java:903)
	at org.springframework.beans.factory.support.ConstructorResolver.createArgumentArray(ConstructorResolver.java:781)
	... 111 more
Caused by: org.springframework.beans.factory.BeanCreationException: Error creating bean with name 'mongoTemplate' defined in class path resource [org/springframework/boot/autoconfigure/data/mongo/MongoDatabaseFactoryDependentConfiguration.class]: Failed to instantiate [org.springframework.data.mongodb.core.MongoTemplate]: Factory method 'mongoTemplate' threw exception with message: Exception authenticating MongoCredential{mechanism=SCRAM-SHA-1, userName='admin', source='test', password=<hidden>, mechanismProperties=<hidden>}
	at org.springframework.beans.factory.support.ConstructorResolver.instantiate(ConstructorResolver.java:647)
	at org.springframework.beans.factory.support.ConstructorResolver.instantiateUsingFactoryMethod(ConstructorResolver.java:635)
	at org.springframework.beans.factory.support.AbstractAutowireCapableBeanFactory.instantiateUsingFactoryMethod(AbstractAutowireCapableBeanFactory.java:1330)
	at org.springframework.beans.factory.support.AbstractAutowireCapableBeanFactory.createBeanInstance(AbstractAutowireCapableBeanFactory.java:1160)
	at org.springframework.beans.factory.support.AbstractAutowireCapableBeanFactory.doCreateBean(AbstractAutowireCapableBeanFactory.java:558)
	at org.springframework.beans.factory.support.AbstractAutowireCapableBeanFactory.createBean(AbstractAutowireCapableBeanFactory.java:518)
	at org.springframework.beans.factory.support.AbstractBeanFactory.lambda$doGetBean$0(AbstractBeanFactory.java:326)
	at org.springframework.beans.factory.support.DefaultSingletonBeanRegistry.getSingleton(DefaultSingletonBeanRegistry.java:234)
	at org.springframework.beans.factory.support.AbstractBeanFactory.doGetBean(AbstractBeanFactory.java:324)
	at org.springframework.beans.factory.support.AbstractBeanFactory.getBean(AbstractBeanFactory.java:200)
	at org.springframework.beans.factory.support.BeanDefinitionValueResolver.resolveReference(BeanDefinitionValueResolver.java:365)
	... 125 more
Caused by: org.springframework.beans.BeanInstantiationException: Failed to instantiate [org.springframework.data.mongodb.core.MongoTemplate]: Factory method 'mongoTemplate' threw exception with message: Exception authenticating MongoCredential{mechanism=SCRAM-SHA-1, userName='admin', source='test', password=<hidden>, mechanismProperties=<hidden>}
	at org.springframework.beans.factory.support.SimpleInstantiationStrategy.instantiate(SimpleInstantiationStrategy.java:171)
	at org.springframework.beans.factory.support.ConstructorResolver.instantiate(ConstructorResolver.java:643)
	... 135 more
Caused by: org.springframework.data.mongodb.UncategorizedMongoDbException: Exception authenticating MongoCredential{mechanism=SCRAM-SHA-1, userName='admin', source='test', password=<hidden>, mechanismProperties=<hidden>}
	at org.springframework.data.mongodb.core.MongoExceptionTranslator.translateExceptionIfPossible(MongoExceptionTranslator.java:140)
	at org.springframework.data.mongodb.core.MongoTemplate.potentiallyConvertRuntimeException(MongoTemplate.java:2941)
	at org.springframework.data.mongodb.core.MongoTemplate.execute(MongoTemplate.java:602)
	at org.springframework.data.mongodb.core.DefaultIndexOperations.execute(DefaultIndexOperations.java:215)
	at org.springframework.data.mongodb.core.DefaultIndexOperations.ensureIndex(DefaultIndexOperations.java:119)
	at org.springframework.data.mongodb.core.index.MongoPersistentEntityIndexCreator.createIndex(MongoPersistentEntityIndexCreator.java:153)
	at org.springframework.data.mongodb.core.index.MongoPersistentEntityIndexCreator.checkForAndCreateIndexes(MongoPersistentEntityIndexCreator.java:143)
	at org.springframework.data.mongodb.core.index.MongoPersistentEntityIndexCreator.checkForIndexes(MongoPersistentEntityIndexCreator.java:127)
	at org.springframework.data.mongodb.core.index.MongoPersistentEntityIndexCreator.<init>(MongoPersistentEntityIndexCreator.java:96)
	at org.springframework.data.mongodb.core.index.MongoPersistentEntityIndexCreator.<init>(MongoPersistentEntityIndexCreator.java:73)
	at org.springframework.data.mongodb.core.MongoTemplate.<init>(MongoTemplate.java:262)
	at org.springframework.boot.autoconfigure.data.mongo.MongoDatabaseFactoryDependentConfiguration.mongoTemplate(MongoDatabaseFactoryDependentConfiguration.java:61)
	at java.base/jdk.internal.reflect.DirectMethodHandleAccessor.invoke(DirectMethodHandleAccessor.java:103)
	at java.base/java.lang.reflect.Method.invoke(Method.java:580)
	at org.springframework.beans.factory.support.SimpleInstantiationStrategy.instantiate(SimpleInstantiationStrategy.java:139)
	... 136 more
Caused by: com.mongodb.MongoSecurityException: Exception authenticating MongoCredential{mechanism=SCRAM-SHA-1, userName='admin', source='test', password=<hidden>, mechanismProperties=<hidden>}
	at com.mongodb.internal.connection.SaslAuthenticator.wrapException(SaslAuthenticator.java:270)
	at com.mongodb.internal.connection.SaslAuthenticator.getNextSaslResponse(SaslAuthenticator.java:133)
	at com.mongodb.internal.connection.SaslAuthenticator.lambda$authenticate$0(SaslAuthenticator.java:63)
	at com.mongodb.internal.connection.SaslAuthenticator.doAsSubject(SaslAuthenticator.java:277)
	at com.mongodb.internal.connection.SaslAuthenticator.authenticate(SaslAuthenticator.java:59)
	at com.mongodb.internal.connection.DefaultAuthenticator.authenticate(DefaultAuthenticator.java:57)
	at com.mongodb.internal.connection.InternalStreamConnectionInitializer.authenticate(InternalStreamConnectionInitializer.java:205)
	at com.mongodb.internal.connection.InternalStreamConnectionInitializer.finishHandshake(InternalStreamConnectionInitializer.java:85)
	at com.mongodb.internal.connection.InternalStreamConnection.open(InternalStreamConnection.java:209)
	at com.mongodb.internal.connection.UsageTrackingInternalConnection.open(UsageTrackingInternalConnection.java:55)
	at com.mongodb.internal.connection.DefaultConnectionPool$PooledConnection.open(DefaultConnectionPool.java:534)
	at com.mongodb.internal.connection.DefaultConnectionPool$OpenConcurrencyLimiter.openWithConcurrencyLimit(DefaultConnectionPool.java:895)
	at com.mongodb.internal.connection.DefaultConnectionPool$OpenConcurrencyLimiter.openOrGetAvailable(DefaultConnectionPool.java:836)
	at com.mongodb.internal.connection.DefaultConnectionPool.get(DefaultConnectionPool.java:177)
	at com.mongodb.internal.connection.DefaultConnectionPool.get(DefaultConnectionPool.java:166)
	at com.mongodb.internal.connection.DefaultServer.getConnection(DefaultServer.java:97)
	at com.mongodb.internal.binding.ClusterBinding$ClusterBindingConnectionSource.getConnection(ClusterBinding.java:173)
	at com.mongodb.client.internal.ClientSessionBinding$SessionBindingConnectionSource.getConnection(ClientSessionBinding.java:193)
	at com.mongodb.internal.operation.OperationHelper.withConnectionSource(OperationHelper.java:337)
	at com.mongodb.internal.operation.OperationHelper.withConnection(OperationHelper.java:330)
	at com.mongodb.internal.operation.CreateIndexesOperation.execute(CreateIndexesOperation.java:129)
	at com.mongodb.internal.operation.CreateIndexesOperation.execute(CreateIndexesOperation.java:68)
	at com.mongodb.client.internal.MongoClientDelegate$DelegateOperationExecutor.execute(MongoClientDelegate.java:206)
	at com.mongodb.client.internal.MongoCollectionImpl.executeCreateIndexes(MongoCollectionImpl.java:862)
	at com.mongodb.client.internal.MongoCollectionImpl.createIndexes(MongoCollectionImpl.java:845)
	at com.mongodb.client.internal.MongoCollectionImpl.createIndexes(MongoCollectionImpl.java:840)
	at com.mongodb.client.internal.MongoCollectionImpl.createIndex(MongoCollectionImpl.java:825)
	at org.springframework.data.mongodb.core.DefaultIndexOperations.lambda$ensureIndex$0(DefaultIndexOperations.java:129)
	at org.springframework.data.mongodb.core.MongoTemplate.execute(MongoTemplate.java:600)
	... 148 more
Caused by: com.mongodb.MongoCommandException: Command failed with error 18 (AuthenticationFailed): 'Authentication failed.' on server localhost:27017. The full response is {"ok": 0.0, "errmsg": "Authentication failed.", "code": 18, "codeName": "AuthenticationFailed"}
	at com.mongodb.internal.connection.ProtocolHelper.getCommandFailureException(ProtocolHelper.java:205)
	at com.mongodb.internal.connection.InternalStreamConnection.receiveCommandMessageResponse(InternalStreamConnection.java:443)
	at com.mongodb.internal.connection.InternalStreamConnection.sendAndReceive(InternalStreamConnection.java:365)
	at com.mongodb.internal.connection.CommandHelper.sendAndReceive(CommandHelper.java:102)
	at com.mongodb.internal.connection.CommandHelper.executeCommand(CommandHelper.java:49)
	at com.mongodb.internal.connection.SaslAuthenticator.sendSaslStart(SaslAuthenticator.java:224)
	at com.mongodb.internal.connection.SaslAuthenticator.getNextSaslResponse(SaslAuthenticator.java:131)
	... 175 more
]]></error>
    <system-out><![CDATA[17:32:44.447 [main] INFO org.springframework.test.context.support.AnnotationConfigContextLoaderUtils -- Could not detect default configuration classes for test class [com.examen.prueba.ExamenPruebaApplicationTests]: ExamenPruebaApplicationTests does not declare any static, non-private, non-final, nested classes annotated with @Configuration.
17:32:44.681 [main] INFO org.springframework.boot.test.context.SpringBootTestContextBootstrapper -- Found @SpringBootConfiguration com.examen.prueba.ExamenPruebaApplication for test class com.examen.prueba.ExamenPruebaApplicationTests

  .   ____          _            __ _ _
 /\\ / ___'_ __ _ _(_)_ __  __ _ \ \ \ \
( ( )\___ | '_ | '_| | '_ \/ _` | \ \ \ \
 \\/  ___)| |_)| | | | | || (_| |  ) ) ) )
  '  |____| .__|_| |_|_| |_\__, | / / / /
 =========|_|==============|___/=/_/_/_/
 :: Spring Boot ::               (v3.1.12)

2025-03-15T17:32:45.877-06:00  INFO 6832 --- [           main] c.e.prueba.ExamenPruebaApplicationTests  : Starting ExamenPruebaApplicationTests using Java 21.0.6 with PID 6832 (started by Lenovo in C:\Users\Lenovo\OneDrive\Escritorio\MiExamenPrueba\mi-examen-prueba\examen-prueba)
2025-03-15T17:32:45.885-06:00  INFO 6832 --- [           main] c.e.prueba.ExamenPruebaApplicationTests  : No active profile set, falling back to 1 default profile: "default"
2025-03-15T17:32:48.675-06:00  INFO 6832 --- [           main] .s.d.r.c.RepositoryConfigurationDelegate : Multiple Spring Data modules found, entering strict repository configuration mode
2025-03-15T17:32:48.678-06:00  INFO 6832 --- [           main] .s.d.r.c.RepositoryConfigurationDelegate : Bootstrapping Spring Data MongoDB repositories in DEFAULT mode.
2025-03-15T17:32:48.928-06:00  INFO 6832 --- [           main] .s.d.r.c.RepositoryConfigurationDelegate : Finished Spring Data repository scanning in 240 ms. Found 1 MongoDB repository interface.
2025-03-15T17:32:48.958-06:00  INFO 6832 --- [           main] .s.d.r.c.RepositoryConfigurationDelegate : Multiple Spring Data modules found, entering strict repository configuration mode
2025-03-15T17:32:48.961-06:00  INFO 6832 --- [           main] .s.d.r.c.RepositoryConfigurationDelegate : Bootstrapping Spring Data Redis repositories in DEFAULT mode.
2025-03-15T17:32:48.985-06:00  INFO 6832 --- [           main] .RepositoryConfigurationExtensionSupport : Spring Data Redis - Could not safely identify store assignment for repository candidate interface com.examen.prueba.repository.TelefonoRepository; If you want this repository to be a Redis repository, consider annotating your entities with one of these annotations: org.springframework.data.redis.core.RedisHash (preferred), or consider extending one of the following types with your repository: org.springframework.data.keyvalue.repository.KeyValueRepository
2025-03-15T17:32:48.987-06:00  INFO 6832 --- [           main] .s.d.r.c.RepositoryConfigurationDelegate : Finished Spring Data repository scanning in 11 ms. Found 0 Redis repository interfaces.
2025-03-15T17:32:50.366-06:00  INFO 6832 --- [           main] org.mongodb.driver.client                : MongoClient with metadata {"driver": {"name": "mongo-java-driver|sync|spring-boot", "version": "4.9.1"}, "os": {"type": "Windows", "name": "Windows 11", "architecture": "amd64", "version": "10.0"}, "platform": "Java/Amazon.com Inc./21.0.6+7-LTS"} created with settings MongoClientSettings{readPreference=primary, writeConcern=WriteConcern{w=null, wTimeout=null ms, journal=null}, retryWrites=true, retryReads=true, readConcern=ReadConcern{level=null}, credential=MongoCredential{mechanism=null, userName='admin', source='test', password=<hidden>, mechanismProperties=<hidden>}, streamFactoryFactory=null, commandListeners=[io.micrometer.core.instrument.binder.mongodb.MongoMetricsCommandListener@2d237460], codecRegistry=ProvidersCodecRegistry{codecProviders=[ValueCodecProvider{}, BsonValueCodecProvider{}, DBRefCodecProvider{}, DBObjectCodecProvider{}, DocumentCodecProvider{}, CollectionCodecProvider{}, IterableCodecProvider{}, MapCodecProvider{}, GeoJsonCodecProvider{}, GridFSFileCodecProvider{}, Jsr310CodecProvider{}, JsonObjectCodecProvider{}, BsonCodecProvider{}, EnumCodecProvider{}, com.mongodb.client.model.mql.ExpressionCodecProvider@48f2054d, com.mongodb.Jep395RecordCodecProvider@4b3a01d8]}, loggerSettings=LoggerSettings{maxDocumentLength=1000}, clusterSettings={hosts=[localhost:27017], srvServiceName=mongodb, mode=SINGLE, requiredClusterType=UNKNOWN, requiredReplicaSetName='null', serverSelector='null', clusterListeners='[]', serverSelectionTimeout='30000 ms', localThreshold='30000 ms'}, socketSettings=SocketSettings{connectTimeoutMS=10000, readTimeoutMS=0, receiveBufferSize=0, sendBufferSize=0}, heartbeatSocketSettings=SocketSettings{connectTimeoutMS=10000, readTimeoutMS=10000, receiveBufferSize=0, sendBufferSize=0}, connectionPoolSettings=ConnectionPoolSettings{maxSize=100, minSize=0, maxWaitTimeMS=120000, maxConnectionLifeTimeMS=0, maxConnectionIdleTimeMS=0, maintenanceInitialDelayMS=0, maintenanceFrequencyMS=60000, connectionPoolListeners=[io.micrometer.core.instrument.binder.mongodb.MongoMetricsConnectionPoolListener@19fbc594], maxConnecting=2}, serverSettings=ServerSettings{heartbeatFrequencyMS=10000, minHeartbeatFrequencyMS=500, serverListeners='[]', serverMonitorListeners='[]'}, sslSettings=SslSettings{enabled=false, invalidHostNameAllowed=false, context=null}, applicationName='null', compressorList=[], uuidRepresentation=JAVA_LEGACY, serverApi=null, autoEncryptionSettings=null, contextProvider=null}
2025-03-15T17:32:50.416-06:00  INFO 6832 --- [localhost:27017] org.mongodb.driver.cluster               : Monitor thread successfully connected to server with description ServerDescription{address=localhost:27017, type=STANDALONE, state=CONNECTED, ok=true, minWireVersion=0, maxWireVersion=25, maxDocumentSize=16777216, logicalSessionTimeoutMinutes=30, roundTripTimeNanos=54690000}
2025-03-15T17:32:51.266-06:00  WARN 6832 --- [           main] o.s.w.c.s.GenericWebApplicationContext   : Exception encountered during context initialization - cancelling refresh attempt: org.springframework.beans.factory.UnsatisfiedDependencyException: Error creating bean with name 'telefonoController' defined in file [C:\Users\Lenovo\OneDrive\Escritorio\MiExamenPrueba\mi-examen-prueba\examen-prueba\target\classes\com\examen\prueba\controller\TelefonoController.class]: Unsatisfied dependency expressed through constructor parameter 0: Error creating bean with name 'telefonoService' defined in file [C:\Users\Lenovo\OneDrive\Escritorio\MiExamenPrueba\mi-examen-prueba\examen-prueba\target\classes\com\examen\prueba\service\TelefonoService.class]: Unsatisfied dependency expressed through constructor parameter 0: Error creating bean with name 'telefonoRepository' defined in com.examen.prueba.repository.TelefonoRepository defined in @EnableMongoRepositories declared on MongoRepositoriesRegistrar.EnableMongoRepositoriesConfiguration: Cannot resolve reference to bean 'mongoTemplate' while setting bean property 'mongoOperations'
2025-03-15T17:32:51.324-06:00  INFO 6832 --- [           main] .s.b.a.l.ConditionEvaluationReportLogger : 

Error starting ApplicationContext. To display the condition evaluation report re-run your application with 'debug' enabled.
2025-03-15T17:32:51.385-06:00 ERROR 6832 --- [           main] o.s.boot.SpringApplication               : Application run failed

org.springframework.beans.factory.UnsatisfiedDependencyException: Error creating bean with name 'telefonoController' defined in file [C:\Users\Lenovo\OneDrive\Escritorio\MiExamenPrueba\mi-examen-prueba\examen-prueba\target\classes\com\examen\prueba\controller\TelefonoController.class]: Unsatisfied dependency expressed through constructor parameter 0: Error creating bean with name 'telefonoService' defined in file [C:\Users\Lenovo\OneDrive\Escritorio\MiExamenPrueba\mi-examen-prueba\examen-prueba\target\classes\com\examen\prueba\service\TelefonoService.class]: Unsatisfied dependency expressed through constructor parameter 0: Error creating bean with name 'telefonoRepository' defined in com.examen.prueba.repository.TelefonoRepository defined in @EnableMongoRepositories declared on MongoRepositoriesRegistrar.EnableMongoRepositoriesConfiguration: Cannot resolve reference to bean 'mongoTemplate' while setting bean property 'mongoOperations'
	at org.springframework.beans.factory.support.ConstructorResolver.createArgumentArray(ConstructorResolver.java:794) ~[spring-beans-6.0.21.jar:6.0.21]
	at org.springframework.beans.factory.support.ConstructorResolver.autowireConstructor(ConstructorResolver.java:236) ~[spring-beans-6.0.21.jar:6.0.21]
	at org.springframework.beans.factory.support.AbstractAutowireCapableBeanFactory.autowireConstructor(AbstractAutowireCapableBeanFactory.java:1350) ~[spring-beans-6.0.21.jar:6.0.21]
	at org.springframework.beans.factory.support.AbstractAutowireCapableBeanFactory.createBeanInstance(AbstractAutowireCapableBeanFactory.java:1187) ~[spring-beans-6.0.21.jar:6.0.21]
	at org.springframework.beans.factory.support.AbstractAutowireCapableBeanFactory.doCreateBean(AbstractAutowireCapableBeanFactory.java:558) ~[spring-beans-6.0.21.jar:6.0.21]
	at org.springframework.beans.factory.support.AbstractAutowireCapableBeanFactory.createBean(AbstractAutowireCapableBeanFactory.java:518) ~[spring-beans-6.0.21.jar:6.0.21]
	at org.springframework.beans.factory.support.AbstractBeanFactory.lambda$doGetBean$0(AbstractBeanFactory.java:326) ~[spring-beans-6.0.21.jar:6.0.21]
	at org.springframework.beans.factory.support.DefaultSingletonBeanRegistry.getSingleton(DefaultSingletonBeanRegistry.java:234) ~[spring-beans-6.0.21.jar:6.0.21]
	at org.springframework.beans.factory.support.AbstractBeanFactory.doGetBean(AbstractBeanFactory.java:324) ~[spring-beans-6.0.21.jar:6.0.21]
	at org.springframework.beans.factory.support.AbstractBeanFactory.getBean(AbstractBeanFactory.java:200) ~[spring-beans-6.0.21.jar:6.0.21]
	at org.springframework.beans.factory.support.DefaultListableBeanFactory.preInstantiateSingletons(DefaultListableBeanFactory.java:973) ~[spring-beans-6.0.21.jar:6.0.21]
	at org.springframework.context.support.AbstractApplicationContext.finishBeanFactoryInitialization(AbstractApplicationContext.java:952) ~[spring-context-6.0.21.jar:6.0.21]
	at org.springframework.context.support.AbstractApplicationContext.refresh(AbstractApplicationContext.java:615) ~[spring-context-6.0.21.jar:6.0.21]
	at org.springframework.boot.SpringApplication.refresh(SpringApplication.java:739) ~[spring-boot-3.1.12.jar:3.1.12]
	at org.springframework.boot.SpringApplication.refreshContext(SpringApplication.java:441) ~[spring-boot-3.1.12.jar:3.1.12]
	at org.springframework.boot.SpringApplication.run(SpringApplication.java:325) ~[spring-boot-3.1.12.jar:3.1.12]
	at org.springframework.boot.test.context.SpringBootContextLoader.lambda$loadContext$3(SpringBootContextLoader.java:137) ~[spring-boot-test-3.1.12.jar:3.1.12]
	at org.springframework.util.function.ThrowingSupplier.get(ThrowingSupplier.java:58) ~[spring-core-6.0.21.jar:6.0.21]
	at org.springframework.util.function.ThrowingSupplier.get(ThrowingSupplier.java:46) ~[spring-core-6.0.21.jar:6.0.21]
	at org.springframework.boot.SpringApplication.withHook(SpringApplication.java:1427) ~[spring-boot-3.1.12.jar:3.1.12]
	at org.springframework.boot.test.context.SpringBootContextLoader$ContextLoaderHook.run(SpringBootContextLoader.java:546) ~[spring-boot-test-3.1.12.jar:3.1.12]
	at org.springframework.boot.test.context.SpringBootContextLoader.loadContext(SpringBootContextLoader.java:137) ~[spring-boot-test-3.1.12.jar:3.1.12]
	at org.springframework.boot.test.context.SpringBootContextLoader.loadContext(SpringBootContextLoader.java:108) ~[spring-boot-test-3.1.12.jar:3.1.12]
	at org.springframework.test.context.cache.DefaultCacheAwareContextLoaderDelegate.loadContextInternal(DefaultCacheAwareContextLoaderDelegate.java:187) ~[spring-test-6.0.21.jar:6.0.21]
	at org.springframework.test.context.cache.DefaultCacheAwareContextLoaderDelegate.loadContext(DefaultCacheAwareContextLoaderDelegate.java:119) ~[spring-test-6.0.21.jar:6.0.21]
	at org.springframework.test.context.support.DefaultTestContext.getApplicationContext(DefaultTestContext.java:127) ~[spring-test-6.0.21.jar:6.0.21]
	at org.springframework.test.context.web.ServletTestExecutionListener.setUpRequestContextIfNecessary(ServletTestExecutionListener.java:191) ~[spring-test-6.0.21.jar:6.0.21]
	at org.springframework.test.context.web.ServletTestExecutionListener.prepareTestInstance(ServletTestExecutionListener.java:130) ~[spring-test-6.0.21.jar:6.0.21]
	at org.springframework.test.context.TestContextManager.prepareTestInstance(TestContextManager.java:241) ~[spring-test-6.0.21.jar:6.0.21]
	at org.springframework.test.context.junit.jupiter.SpringExtension.postProcessTestInstance(SpringExtension.java:138) ~[spring-test-6.0.21.jar:6.0.21]
	at org.junit.jupiter.engine.descriptor.ClassBasedTestDescriptor.lambda$invokeTestInstancePostProcessors$10(ClassBasedTestDescriptor.java:377) ~[junit-jupiter-engine-5.9.3.jar:5.9.3]
	at org.junit.jupiter.engine.descriptor.ClassBasedTestDescriptor.executeAndMaskThrowable(ClassBasedTestDescriptor.java:382) ~[junit-jupiter-engine-5.9.3.jar:5.9.3]
	at org.junit.jupiter.engine.descriptor.ClassBasedTestDescriptor.lambda$invokeTestInstancePostProcessors$11(ClassBasedTestDescriptor.java:377) ~[junit-jupiter-engine-5.9.3.jar:5.9.3]
	at java.base/java.util.stream.ReferencePipeline$3$1.accept(ReferencePipeline.java:197) ~[na:na]
	at java.base/java.util.stream.ReferencePipeline$2$1.accept(ReferencePipeline.java:179) ~[na:na]
	at java.base/java.util.ArrayList$ArrayListSpliterator.forEachRemaining(ArrayList.java:1708) ~[na:na]
	at java.base/java.util.stream.AbstractPipeline.copyInto(AbstractPipeline.java:509) ~[na:na]
	at java.base/java.util.stream.AbstractPipeline.wrapAndCopyInto(AbstractPipeline.java:499) ~[na:na]
	at java.base/java.util.stream.StreamSpliterators$WrappingSpliterator.forEachRemaining(StreamSpliterators.java:310) ~[na:na]
	at java.base/java.util.stream.Streams$ConcatSpliterator.forEachRemaining(Streams.java:735) ~[na:na]
	at java.base/java.util.stream.Streams$ConcatSpliterator.forEachRemaining(Streams.java:734) ~[na:na]
	at java.base/java.util.stream.ReferencePipeline$Head.forEach(ReferencePipeline.java:762) ~[na:na]
	at org.junit.jupiter.engine.descriptor.ClassBasedTestDescriptor.invokeTestInstancePostProcessors(ClassBasedTestDescriptor.java:376) ~[junit-jupiter-engine-5.9.3.jar:5.9.3]
	at org.junit.jupiter.engine.descriptor.ClassBasedTestDescriptor.lambda$instantiateAndPostProcessTestInstance$6(ClassBasedTestDescriptor.java:289) ~[junit-jupiter-engine-5.9.3.jar:5.9.3]
	at org.junit.platform.engine.support.hierarchical.ThrowableCollector.execute(ThrowableCollector.java:73) ~[junit-platform-engine-1.9.3.jar:1.9.3]
	at org.junit.jupiter.engine.descriptor.ClassBasedTestDescriptor.instantiateAndPostProcessTestInstance(ClassBasedTestDescriptor.java:288) ~[junit-jupiter-engine-5.9.3.jar:5.9.3]
	at org.junit.jupiter.engine.descriptor.ClassBasedTestDescriptor.lambda$testInstancesProvider$4(ClassBasedTestDescriptor.java:278) ~[junit-jupiter-engine-5.9.3.jar:5.9.3]
	at java.base/java.util.Optional.orElseGet(Optional.java:364) ~[na:na]
	at org.junit.jupiter.engine.descriptor.ClassBasedTestDescriptor.lambda$testInstancesProvider$5(ClassBasedTestDescriptor.java:277) ~[junit-jupiter-engine-5.9.3.jar:5.9.3]
	at org.junit.jupiter.engine.execution.TestInstancesProvider.getTestInstances(TestInstancesProvider.java:31) ~[junit-jupiter-engine-5.9.3.jar:5.9.3]
	at org.junit.jupiter.engine.descriptor.TestMethodTestDescriptor.lambda$prepare$0(TestMethodTestDescriptor.java:105) ~[junit-jupiter-engine-5.9.3.jar:5.9.3]
	at org.junit.platform.engine.support.hierarchical.ThrowableCollector.execute(ThrowableCollector.java:73) ~[junit-platform-engine-1.9.3.jar:1.9.3]
	at org.junit.jupiter.engine.descriptor.TestMethodTestDescriptor.prepare(TestMethodTestDescriptor.java:104) ~[junit-jupiter-engine-5.9.3.jar:5.9.3]
	at org.junit.jupiter.engine.descriptor.TestMethodTestDescriptor.prepare(TestMethodTestDescriptor.java:68) ~[junit-jupiter-engine-5.9.3.jar:5.9.3]
	at org.junit.platform.engine.support.hierarchical.NodeTestTask.lambda$prepare$2(NodeTestTask.java:123) ~[junit-platform-engine-1.9.3.jar:1.9.3]
	at org.junit.platform.engine.support.hierarchical.ThrowableCollector.execute(ThrowableCollector.java:73) ~[junit-platform-engine-1.9.3.jar:1.9.3]
	at org.junit.platform.engine.support.hierarchical.NodeTestTask.prepare(NodeTestTask.java:123) ~[junit-platform-engine-1.9.3.jar:1.9.3]
	at org.junit.platform.engine.support.hierarchical.NodeTestTask.execute(NodeTestTask.java:90) ~[junit-platform-engine-1.9.3.jar:1.9.3]
	at java.base/java.util.ArrayList.forEach(ArrayList.java:1596) ~[na:na]
	at org.junit.platform.engine.support.hierarchical.SameThreadHierarchicalTestExecutorService.invokeAll(SameThreadHierarchicalTestExecutorService.java:41) ~[junit-platform-engine-1.9.3.jar:1.9.3]
	at org.junit.platform.engine.support.hierarchical.NodeTestTask.lambda$executeRecursively$6(NodeTestTask.java:155) ~[junit-platform-engine-1.9.3.jar:1.9.3]
	at org.junit.platform.engine.support.hierarchical.ThrowableCollector.execute(ThrowableCollector.java:73) ~[junit-platform-engine-1.9.3.jar:1.9.3]
	at org.junit.platform.engine.support.hierarchical.NodeTestTask.lambda$executeRecursively$8(NodeTestTask.java:141) ~[junit-platform-engine-1.9.3.jar:1.9.3]
	at org.junit.platform.engine.support.hierarchical.Node.around(Node.java:137) ~[junit-platform-engine-1.9.3.jar:1.9.3]
	at org.junit.platform.engine.support.hierarchical.NodeTestTask.lambda$executeRecursively$9(NodeTestTask.java:139) ~[junit-platform-engine-1.9.3.jar:1.9.3]
	at org.junit.platform.engine.support.hierarchical.ThrowableCollector.execute(ThrowableCollector.java:73) ~[junit-platform-engine-1.9.3.jar:1.9.3]
	at org.junit.platform.engine.support.hierarchical.NodeTestTask.executeRecursively(NodeTestTask.java:138) ~[junit-platform-engine-1.9.3.jar:1.9.3]
	at org.junit.platform.engine.support.hierarchical.NodeTestTask.execute(NodeTestTask.java:95) ~[junit-platform-engine-1.9.3.jar:1.9.3]
	at java.base/java.util.ArrayList.forEach(ArrayList.java:1596) ~[na:na]
	at org.junit.platform.engine.support.hierarchical.SameThreadHierarchicalTestExecutorService.invokeAll(SameThreadHierarchicalTestExecutorService.java:41) ~[junit-platform-engine-1.9.3.jar:1.9.3]
	at org.junit.platform.engine.support.hierarchical.NodeTestTask.lambda$executeRecursively$6(NodeTestTask.java:155) ~[junit-platform-engine-1.9.3.jar:1.9.3]
	at org.junit.platform.engine.support.hierarchical.ThrowableCollector.execute(ThrowableCollector.java:73) ~[junit-platform-engine-1.9.3.jar:1.9.3]
	at org.junit.platform.engine.support.hierarchical.NodeTestTask.lambda$executeRecursively$8(NodeTestTask.java:141) ~[junit-platform-engine-1.9.3.jar:1.9.3]
	at org.junit.platform.engine.support.hierarchical.Node.around(Node.java:137) ~[junit-platform-engine-1.9.3.jar:1.9.3]
	at org.junit.platform.engine.support.hierarchical.NodeTestTask.lambda$executeRecursively$9(NodeTestTask.java:139) ~[junit-platform-engine-1.9.3.jar:1.9.3]
	at org.junit.platform.engine.support.hierarchical.ThrowableCollector.execute(ThrowableCollector.java:73) ~[junit-platform-engine-1.9.3.jar:1.9.3]
	at org.junit.platform.engine.support.hierarchical.NodeTestTask.executeRecursively(NodeTestTask.java:138) ~[junit-platform-engine-1.9.3.jar:1.9.3]
	at org.junit.platform.engine.support.hierarchical.NodeTestTask.execute(NodeTestTask.java:95) ~[junit-platform-engine-1.9.3.jar:1.9.3]
	at org.junit.platform.engine.support.hierarchical.SameThreadHierarchicalTestExecutorService.submit(SameThreadHierarchicalTestExecutorService.java:35) ~[junit-platform-engine-1.9.3.jar:1.9.3]
	at org.junit.platform.engine.support.hierarchical.HierarchicalTestExecutor.execute(HierarchicalTestExecutor.java:57) ~[junit-platform-engine-1.9.3.jar:1.9.3]
	at org.junit.platform.engine.support.hierarchical.HierarchicalTestEngine.execute(HierarchicalTestEngine.java:54) ~[junit-platform-engine-1.9.3.jar:1.9.3]
	at org.junit.platform.launcher.core.EngineExecutionOrchestrator.execute(EngineExecutionOrchestrator.java:147) ~[junit-platform-launcher-1.9.3.jar:1.9.3]
	at org.junit.platform.launcher.core.EngineExecutionOrchestrator.execute(EngineExecutionOrchestrator.java:127) ~[junit-platform-launcher-1.9.3.jar:1.9.3]
	at org.junit.platform.launcher.core.EngineExecutionOrchestrator.execute(EngineExecutionOrchestrator.java:90) ~[junit-platform-launcher-1.9.3.jar:1.9.3]
	at org.junit.platform.launcher.core.EngineExecutionOrchestrator.lambda$execute$0(EngineExecutionOrchestrator.java:55) ~[junit-platform-launcher-1.9.3.jar:1.9.3]
	at org.junit.platform.launcher.core.EngineExecutionOrchestrator.withInterceptedStreams(EngineExecutionOrchestrator.java:102) ~[junit-platform-launcher-1.9.3.jar:1.9.3]
	at org.junit.platform.launcher.core.EngineExecutionOrchestrator.execute(EngineExecutionOrchestrator.java:54) ~[junit-platform-launcher-1.9.3.jar:1.9.3]
	at org.junit.platform.launcher.core.DefaultLauncher.execute(DefaultLauncher.java:114) ~[junit-platform-launcher-1.9.3.jar:1.9.3]
	at org.junit.platform.launcher.core.DefaultLauncher.execute(DefaultLauncher.java:86) ~[junit-platform-launcher-1.9.3.jar:1.9.3]
	at org.junit.platform.launcher.core.DefaultLauncherSession$DelegatingLauncher.execute(DefaultLauncherSession.java:86) ~[junit-platform-launcher-1.9.3.jar:1.9.3]
	at org.apache.maven.surefire.junitplatform.LazyLauncher.execute(LazyLauncher.java:50) ~[surefire-junit-platform-3.0.0.jar:3.0.0]
	at org.apache.maven.surefire.junitplatform.JUnitPlatformProvider.execute(JUnitPlatformProvider.java:184) ~[surefire-junit-platform-3.0.0.jar:3.0.0]
	at org.apache.maven.surefire.junitplatform.JUnitPlatformProvider.invokeAllTests(JUnitPlatformProvider.java:148) ~[surefire-junit-platform-3.0.0.jar:3.0.0]
	at org.apache.maven.surefire.junitplatform.JUnitPlatformProvider.invoke(JUnitPlatformProvider.java:122) ~[surefire-junit-platform-3.0.0.jar:3.0.0]
	at org.apache.maven.surefire.booter.ForkedBooter.runSuitesInProcess(ForkedBooter.java:385) ~[surefire-booter-3.0.0.jar:3.0.0]
	at org.apache.maven.surefire.booter.ForkedBooter.execute(ForkedBooter.java:162) ~[surefire-booter-3.0.0.jar:3.0.0]
	at org.apache.maven.surefire.booter.ForkedBooter.run(ForkedBooter.java:507) ~[surefire-booter-3.0.0.jar:3.0.0]
	at org.apache.maven.surefire.booter.ForkedBooter.main(ForkedBooter.java:495) ~[surefire-booter-3.0.0.jar:3.0.0]
Caused by: org.springframework.beans.factory.UnsatisfiedDependencyException: Error creating bean with name 'telefonoService' defined in file [C:\Users\Lenovo\OneDrive\Escritorio\MiExamenPrueba\mi-examen-prueba\examen-prueba\target\classes\com\examen\prueba\service\TelefonoService.class]: Unsatisfied dependency expressed through constructor parameter 0: Error creating bean with name 'telefonoRepository' defined in com.examen.prueba.repository.TelefonoRepository defined in @EnableMongoRepositories declared on MongoRepositoriesRegistrar.EnableMongoRepositoriesConfiguration: Cannot resolve reference to bean 'mongoTemplate' while setting bean property 'mongoOperations'
	at org.springframework.beans.factory.support.ConstructorResolver.createArgumentArray(ConstructorResolver.java:794) ~[spring-beans-6.0.21.jar:6.0.21]
	at org.springframework.beans.factory.support.ConstructorResolver.autowireConstructor(ConstructorResolver.java:236) ~[spring-beans-6.0.21.jar:6.0.21]
	at org.springframework.beans.factory.support.AbstractAutowireCapableBeanFactory.autowireConstructor(AbstractAutowireCapableBeanFactory.java:1350) ~[spring-beans-6.0.21.jar:6.0.21]
	at org.springframework.beans.factory.support.AbstractAutowireCapableBeanFactory.createBeanInstance(AbstractAutowireCapableBeanFactory.java:1187) ~[spring-beans-6.0.21.jar:6.0.21]
	at org.springframework.beans.factory.support.AbstractAutowireCapableBeanFactory.doCreateBean(AbstractAutowireCapableBeanFactory.java:558) ~[spring-beans-6.0.21.jar:6.0.21]
	at org.springframework.beans.factory.support.AbstractAutowireCapableBeanFactory.createBean(AbstractAutowireCapableBeanFactory.java:518) ~[spring-beans-6.0.21.jar:6.0.21]
	at org.springframework.beans.factory.support.AbstractBeanFactory.lambda$doGetBean$0(AbstractBeanFactory.java:326) ~[spring-beans-6.0.21.jar:6.0.21]
	at org.springframework.beans.factory.support.DefaultSingletonBeanRegistry.getSingleton(DefaultSingletonBeanRegistry.java:234) ~[spring-beans-6.0.21.jar:6.0.21]
	at org.springframework.beans.factory.support.AbstractBeanFactory.doGetBean(AbstractBeanFactory.java:324) ~[spring-beans-6.0.21.jar:6.0.21]
	at org.springframework.beans.factory.support.AbstractBeanFactory.getBean(AbstractBeanFactory.java:200) ~[spring-beans-6.0.21.jar:6.0.21]
	at org.springframework.beans.factory.config.DependencyDescriptor.resolveCandidate(DependencyDescriptor.java:254) ~[spring-beans-6.0.21.jar:6.0.21]
	at org.springframework.beans.factory.support.DefaultListableBeanFactory.doResolveDependency(DefaultListableBeanFactory.java:1417) ~[spring-beans-6.0.21.jar:6.0.21]
	at org.springframework.beans.factory.support.DefaultListableBeanFactory.resolveDependency(DefaultListableBeanFactory.java:1337) ~[spring-beans-6.0.21.jar:6.0.21]
	at org.springframework.beans.factory.support.ConstructorResolver.resolveAutowiredArgument(ConstructorResolver.java:903) ~[spring-beans-6.0.21.jar:6.0.21]
	at org.springframework.beans.factory.support.ConstructorResolver.createArgumentArray(ConstructorResolver.java:781) ~[spring-beans-6.0.21.jar:6.0.21]
	... 97 common frames omitted
Caused by: org.springframework.beans.factory.BeanCreationException: Error creating bean with name 'telefonoRepository' defined in com.examen.prueba.repository.TelefonoRepository defined in @EnableMongoRepositories declared on MongoRepositoriesRegistrar.EnableMongoRepositoriesConfiguration: Cannot resolve reference to bean 'mongoTemplate' while setting bean property 'mongoOperations'
	at org.springframework.beans.factory.support.BeanDefinitionValueResolver.resolveReference(BeanDefinitionValueResolver.java:377) ~[spring-beans-6.0.21.jar:6.0.21]
	at org.springframework.beans.factory.support.BeanDefinitionValueResolver.resolveValueIfNecessary(BeanDefinitionValueResolver.java:135) ~[spring-beans-6.0.21.jar:6.0.21]
	at org.springframework.beans.factory.support.AbstractAutowireCapableBeanFactory.applyPropertyValues(AbstractAutowireCapableBeanFactory.java:1680) ~[spring-beans-6.0.21.jar:6.0.21]
	at org.springframework.beans.factory.support.AbstractAutowireCapableBeanFactory.populateBean(AbstractAutowireCapableBeanFactory.java:1429) ~[spring-beans-6.0.21.jar:6.0.21]
	at org.springframework.beans.factory.support.AbstractAutowireCapableBeanFactory.doCreateBean(AbstractAutowireCapableBeanFactory.java:595) ~[spring-beans-6.0.21.jar:6.0.21]
	at org.springframework.beans.factory.support.AbstractAutowireCapableBeanFactory.createBean(AbstractAutowireCapableBeanFactory.java:518) ~[spring-beans-6.0.21.jar:6.0.21]
	at org.springframework.beans.factory.support.AbstractBeanFactory.lambda$doGetBean$0(AbstractBeanFactory.java:326) ~[spring-beans-6.0.21.jar:6.0.21]
	at org.springframework.beans.factory.support.DefaultSingletonBeanRegistry.getSingleton(DefaultSingletonBeanRegistry.java:234) ~[spring-beans-6.0.21.jar:6.0.21]
	at org.springframework.beans.factory.support.AbstractBeanFactory.doGetBean(AbstractBeanFactory.java:324) ~[spring-beans-6.0.21.jar:6.0.21]
	at org.springframework.beans.factory.support.AbstractBeanFactory.getBean(AbstractBeanFactory.java:200) ~[spring-beans-6.0.21.jar:6.0.21]
	at org.springframework.beans.factory.config.DependencyDescriptor.resolveCandidate(DependencyDescriptor.java:254) ~[spring-beans-6.0.21.jar:6.0.21]
	at org.springframework.beans.factory.support.DefaultListableBeanFactory.doResolveDependency(DefaultListableBeanFactory.java:1417) ~[spring-beans-6.0.21.jar:6.0.21]
	at org.springframework.beans.factory.support.DefaultListableBeanFactory.resolveDependency(DefaultListableBeanFactory.java:1337) ~[spring-beans-6.0.21.jar:6.0.21]
	at org.springframework.beans.factory.support.ConstructorResolver.resolveAutowiredArgument(ConstructorResolver.java:903) ~[spring-beans-6.0.21.jar:6.0.21]
	at org.springframework.beans.factory.support.ConstructorResolver.createArgumentArray(ConstructorResolver.java:781) ~[spring-beans-6.0.21.jar:6.0.21]
	... 111 common frames omitted
Caused by: org.springframework.beans.factory.BeanCreationException: Error creating bean with name 'mongoTemplate' defined in class path resource [org/springframework/boot/autoconfigure/data/mongo/MongoDatabaseFactoryDependentConfiguration.class]: Failed to instantiate [org.springframework.data.mongodb.core.MongoTemplate]: Factory method 'mongoTemplate' threw exception with message: Exception authenticating MongoCredential{mechanism=SCRAM-SHA-1, userName='admin', source='test', password=<hidden>, mechanismProperties=<hidden>}
	at org.springframework.beans.factory.support.ConstructorResolver.instantiate(ConstructorResolver.java:647) ~[spring-beans-6.0.21.jar:6.0.21]
	at org.springframework.beans.factory.support.ConstructorResolver.instantiateUsingFactoryMethod(ConstructorResolver.java:635) ~[spring-beans-6.0.21.jar:6.0.21]
	at org.springframework.beans.factory.support.AbstractAutowireCapableBeanFactory.instantiateUsingFactoryMethod(AbstractAutowireCapableBeanFactory.java:1330) ~[spring-beans-6.0.21.jar:6.0.21]
	at org.springframework.beans.factory.support.AbstractAutowireCapableBeanFactory.createBeanInstance(AbstractAutowireCapableBeanFactory.java:1160) ~[spring-beans-6.0.21.jar:6.0.21]
	at org.springframework.beans.factory.support.AbstractAutowireCapableBeanFactory.doCreateBean(AbstractAutowireCapableBeanFactory.java:558) ~[spring-beans-6.0.21.jar:6.0.21]
	at org.springframework.beans.factory.support.AbstractAutowireCapableBeanFactory.createBean(AbstractAutowireCapableBeanFactory.java:518) ~[spring-beans-6.0.21.jar:6.0.21]
	at org.springframework.beans.factory.support.AbstractBeanFactory.lambda$doGetBean$0(AbstractBeanFactory.java:326) ~[spring-beans-6.0.21.jar:6.0.21]
	at org.springframework.beans.factory.support.DefaultSingletonBeanRegistry.getSingleton(DefaultSingletonBeanRegistry.java:234) ~[spring-beans-6.0.21.jar:6.0.21]
	at org.springframework.beans.factory.support.AbstractBeanFactory.doGetBean(AbstractBeanFactory.java:324) ~[spring-beans-6.0.21.jar:6.0.21]
	at org.springframework.beans.factory.support.AbstractBeanFactory.getBean(AbstractBeanFactory.java:200) ~[spring-beans-6.0.21.jar:6.0.21]
	at org.springframework.beans.factory.support.BeanDefinitionValueResolver.resolveReference(BeanDefinitionValueResolver.java:365) ~[spring-beans-6.0.21.jar:6.0.21]
	... 125 common frames omitted
Caused by: org.springframework.beans.BeanInstantiationException: Failed to instantiate [org.springframework.data.mongodb.core.MongoTemplate]: Factory method 'mongoTemplate' threw exception with message: Exception authenticating MongoCredential{mechanism=SCRAM-SHA-1, userName='admin', source='test', password=<hidden>, mechanismProperties=<hidden>}
	at org.springframework.beans.factory.support.SimpleInstantiationStrategy.instantiate(SimpleInstantiationStrategy.java:171) ~[spring-beans-6.0.21.jar:6.0.21]
	at org.springframework.beans.factory.support.ConstructorResolver.instantiate(ConstructorResolver.java:643) ~[spring-beans-6.0.21.jar:6.0.21]
	... 135 common frames omitted
Caused by: org.springframework.data.mongodb.UncategorizedMongoDbException: Exception authenticating MongoCredential{mechanism=SCRAM-SHA-1, userName='admin', source='test', password=<hidden>, mechanismProperties=<hidden>}
	at org.springframework.data.mongodb.core.MongoExceptionTranslator.translateExceptionIfPossible(MongoExceptionTranslator.java:140) ~[spring-data-mongodb-4.1.12.jar:4.1.12]
	at org.springframework.data.mongodb.core.MongoTemplate.potentiallyConvertRuntimeException(MongoTemplate.java:2941) ~[spring-data-mongodb-4.1.12.jar:4.1.12]
	at org.springframework.data.mongodb.core.MongoTemplate.execute(MongoTemplate.java:602) ~[spring-data-mongodb-4.1.12.jar:4.1.12]
	at org.springframework.data.mongodb.core.DefaultIndexOperations.execute(DefaultIndexOperations.java:215) ~[spring-data-mongodb-4.1.12.jar:4.1.12]
	at org.springframework.data.mongodb.core.DefaultIndexOperations.ensureIndex(DefaultIndexOperations.java:119) ~[spring-data-mongodb-4.1.12.jar:4.1.12]
	at org.springframework.data.mongodb.core.index.MongoPersistentEntityIndexCreator.createIndex(MongoPersistentEntityIndexCreator.java:153) ~[spring-data-mongodb-4.1.12.jar:4.1.12]
	at org.springframework.data.mongodb.core.index.MongoPersistentEntityIndexCreator.checkForAndCreateIndexes(MongoPersistentEntityIndexCreator.java:143) ~[spring-data-mongodb-4.1.12.jar:4.1.12]
	at org.springframework.data.mongodb.core.index.MongoPersistentEntityIndexCreator.checkForIndexes(MongoPersistentEntityIndexCreator.java:127) ~[spring-data-mongodb-4.1.12.jar:4.1.12]
	at org.springframework.data.mongodb.core.index.MongoPersistentEntityIndexCreator.<init>(MongoPersistentEntityIndexCreator.java:96) ~[spring-data-mongodb-4.1.12.jar:4.1.12]
	at org.springframework.data.mongodb.core.index.MongoPersistentEntityIndexCreator.<init>(MongoPersistentEntityIndexCreator.java:73) ~[spring-data-mongodb-4.1.12.jar:4.1.12]
	at org.springframework.data.mongodb.core.MongoTemplate.<init>(MongoTemplate.java:262) ~[spring-data-mongodb-4.1.12.jar:4.1.12]
	at org.springframework.boot.autoconfigure.data.mongo.MongoDatabaseFactoryDependentConfiguration.mongoTemplate(MongoDatabaseFactoryDependentConfiguration.java:61) ~[spring-boot-autoconfigure-3.1.12.jar:3.1.12]
	at java.base/jdk.internal.reflect.DirectMethodHandleAccessor.invoke(DirectMethodHandleAccessor.java:103) ~[na:na]
	at java.base/java.lang.reflect.Method.invoke(Method.java:580) ~[na:na]
	at org.springframework.beans.factory.support.SimpleInstantiationStrategy.instantiate(SimpleInstantiationStrategy.java:139) ~[spring-beans-6.0.21.jar:6.0.21]
	... 136 common frames omitted
Caused by: com.mongodb.MongoSecurityException: Exception authenticating MongoCredential{mechanism=SCRAM-SHA-1, userName='admin', source='test', password=<hidden>, mechanismProperties=<hidden>}
	at com.mongodb.internal.connection.SaslAuthenticator.wrapException(SaslAuthenticator.java:270) ~[mongodb-driver-core-4.9.1.jar:na]
	at com.mongodb.internal.connection.SaslAuthenticator.getNextSaslResponse(SaslAuthenticator.java:133) ~[mongodb-driver-core-4.9.1.jar:na]
	at com.mongodb.internal.connection.SaslAuthenticator.lambda$authenticate$0(SaslAuthenticator.java:63) ~[mongodb-driver-core-4.9.1.jar:na]
	at com.mongodb.internal.connection.SaslAuthenticator.doAsSubject(SaslAuthenticator.java:277) ~[mongodb-driver-core-4.9.1.jar:na]
	at com.mongodb.internal.connection.SaslAuthenticator.authenticate(SaslAuthenticator.java:59) ~[mongodb-driver-core-4.9.1.jar:na]
	at com.mongodb.internal.connection.DefaultAuthenticator.authenticate(DefaultAuthenticator.java:57) ~[mongodb-driver-core-4.9.1.jar:na]
	at com.mongodb.internal.connection.InternalStreamConnectionInitializer.authenticate(InternalStreamConnectionInitializer.java:205) ~[mongodb-driver-core-4.9.1.jar:na]
	at com.mongodb.internal.connection.InternalStreamConnectionInitializer.finishHandshake(InternalStreamConnectionInitializer.java:85) ~[mongodb-driver-core-4.9.1.jar:na]
	at com.mongodb.internal.connection.InternalStreamConnection.open(InternalStreamConnection.java:209) ~[mongodb-driver-core-4.9.1.jar:na]
	at com.mongodb.internal.connection.UsageTrackingInternalConnection.open(UsageTrackingInternalConnection.java:55) ~[mongodb-driver-core-4.9.1.jar:na]
	at com.mongodb.internal.connection.DefaultConnectionPool$PooledConnection.open(DefaultConnectionPool.java:534) ~[mongodb-driver-core-4.9.1.jar:na]
	at com.mongodb.internal.connection.DefaultConnectionPool$OpenConcurrencyLimiter.openWithConcurrencyLimit(DefaultConnectionPool.java:895) ~[mongodb-driver-core-4.9.1.jar:na]
	at com.mongodb.internal.connection.DefaultConnectionPool$OpenConcurrencyLimiter.openOrGetAvailable(DefaultConnectionPool.java:836) ~[mongodb-driver-core-4.9.1.jar:na]
	at com.mongodb.internal.connection.DefaultConnectionPool.get(DefaultConnectionPool.java:177) ~[mongodb-driver-core-4.9.1.jar:na]
	at com.mongodb.internal.connection.DefaultConnectionPool.get(DefaultConnectionPool.java:166) ~[mongodb-driver-core-4.9.1.jar:na]
	at com.mongodb.internal.connection.DefaultServer.getConnection(DefaultServer.java:97) ~[mongodb-driver-core-4.9.1.jar:na]
	at com.mongodb.internal.binding.ClusterBinding$ClusterBindingConnectionSource.getConnection(ClusterBinding.java:173) ~[mongodb-driver-core-4.9.1.jar:na]
	at com.mongodb.client.internal.ClientSessionBinding$SessionBindingConnectionSource.getConnection(ClientSessionBinding.java:193) ~[mongodb-driver-sync-4.9.1.jar:na]
	at com.mongodb.internal.operation.OperationHelper.withConnectionSource(OperationHelper.java:337) ~[mongodb-driver-core-4.9.1.jar:na]
	at com.mongodb.internal.operation.OperationHelper.withConnection(OperationHelper.java:330) ~[mongodb-driver-core-4.9.1.jar:na]
	at com.mongodb.internal.operation.CreateIndexesOperation.execute(CreateIndexesOperation.java:129) ~[mongodb-driver-core-4.9.1.jar:na]
	at com.mongodb.internal.operation.CreateIndexesOperation.execute(CreateIndexesOperation.java:68) ~[mongodb-driver-core-4.9.1.jar:na]
	at com.mongodb.client.internal.MongoClientDelegate$DelegateOperationExecutor.execute(MongoClientDelegate.java:206) ~[mongodb-driver-sync-4.9.1.jar:na]
	at com.mongodb.client.internal.MongoCollectionImpl.executeCreateIndexes(MongoCollectionImpl.java:862) ~[mongodb-driver-sync-4.9.1.jar:na]
	at com.mongodb.client.internal.MongoCollectionImpl.createIndexes(MongoCollectionImpl.java:845) ~[mongodb-driver-sync-4.9.1.jar:na]
	at com.mongodb.client.internal.MongoCollectionImpl.createIndexes(MongoCollectionImpl.java:840) ~[mongodb-driver-sync-4.9.1.jar:na]
	at com.mongodb.client.internal.MongoCollectionImpl.createIndex(MongoCollectionImpl.java:825) ~[mongodb-driver-sync-4.9.1.jar:na]
	at org.springframework.data.mongodb.core.DefaultIndexOperations.lambda$ensureIndex$0(DefaultIndexOperations.java:129) ~[spring-data-mongodb-4.1.12.jar:4.1.12]
	at org.springframework.data.mongodb.core.MongoTemplate.execute(MongoTemplate.java:600) ~[spring-data-mongodb-4.1.12.jar:4.1.12]
	... 148 common frames omitted
Caused by: com.mongodb.MongoCommandException: Command failed with error 18 (AuthenticationFailed): 'Authentication failed.' on server localhost:27017. The full response is {"ok": 0.0, "errmsg": "Authentication failed.", "code": 18, "codeName": "AuthenticationFailed"}
	at com.mongodb.internal.connection.ProtocolHelper.getCommandFailureException(ProtocolHelper.java:205) ~[mongodb-driver-core-4.9.1.jar:na]
	at com.mongodb.internal.connection.InternalStreamConnection.receiveCommandMessageResponse(InternalStreamConnection.java:443) ~[mongodb-driver-core-4.9.1.jar:na]
	at com.mongodb.internal.connection.InternalStreamConnection.sendAndReceive(InternalStreamConnection.java:365) ~[mongodb-driver-core-4.9.1.jar:na]
	at com.mongodb.internal.connection.CommandHelper.sendAndReceive(CommandHelper.java:102) ~[mongodb-driver-core-4.9.1.jar:na]
	at com.mongodb.internal.connection.CommandHelper.executeCommand(CommandHelper.java:49) ~[mongodb-driver-core-4.9.1.jar:na]
	at com.mongodb.internal.connection.SaslAuthenticator.sendSaslStart(SaslAuthenticator.java:224) ~[mongodb-driver-core-4.9.1.jar:na]
	at com.mongodb.internal.connection.SaslAuthenticator.getNextSaslResponse(SaslAuthenticator.java:131) ~[mongodb-driver-core-4.9.1.jar:na]
	... 175 common frames omitted

2025-03-15T17:32:51.422-06:00 ERROR 6832 --- [           main] o.s.test.context.TestContextManager      : Caught exception while allowing TestExecutionListener [org.springframework.test.context.web.ServletTestExecutionListener] to prepare test instance [com.examen.prueba.ExamenPruebaApplicationTests@27d98bef]

java.lang.IllegalStateException: Failed to load ApplicationContext for [WebMergedContextConfiguration@3cd46491 testClass = com.examen.prueba.ExamenPruebaApplicationTests, locations = [], classes = [com.examen.prueba.ExamenPruebaApplication], contextInitializerClasses = [], activeProfiles = [], propertySourceLocations = [], propertySourceProperties = ["org.springframework.boot.test.context.SpringBootTestContextBootstrapper=true"], contextCustomizers = [org.springframework.boot.test.context.filter.ExcludeFilterContextCustomizer@5a5a729f, org.springframework.boot.test.json.DuplicateJsonObjectContextCustomizerFactory$DuplicateJsonObjectContextCustomizer@3932c79a, org.springframework.boot.test.mock.mockito.MockitoContextCustomizer@0, org.springframework.boot.test.web.client.TestRestTemplateContextCustomizer@5c86a017, org.springframework.boot.test.autoconfigure.actuate.observability.ObservabilityContextCustomizerFactory$DisableObservabilityContextCustomizer@1f, org.springframework.boot.test.autoconfigure.properties.PropertyMappingContextCustomizer@0, org.springframework.boot.test.autoconfigure.web.servlet.WebDriverContextCustomizer@1c9b0314, org.springframework.boot.test.context.SpringBootTestAnnotation@9b48d934], resourceBasePath = "src/main/webapp", contextLoader = org.springframework.boot.test.context.SpringBootContextLoader, parent = null]
	at org.springframework.test.context.cache.DefaultCacheAwareContextLoaderDelegate.loadContext(DefaultCacheAwareContextLoaderDelegate.java:143) ~[spring-test-6.0.21.jar:6.0.21]
	at org.springframework.test.context.support.DefaultTestContext.getApplicationContext(DefaultTestContext.java:127) ~[spring-test-6.0.21.jar:6.0.21]
	at org.springframework.test.context.web.ServletTestExecutionListener.setUpRequestContextIfNecessary(ServletTestExecutionListener.java:191) ~[spring-test-6.0.21.jar:6.0.21]
	at org.springframework.test.context.web.ServletTestExecutionListener.prepareTestInstance(ServletTestExecutionListener.java:130) ~[spring-test-6.0.21.jar:6.0.21]
	at org.springframework.test.context.TestContextManager.prepareTestInstance(TestContextManager.java:241) ~[spring-test-6.0.21.jar:6.0.21]
	at org.springframework.test.context.junit.jupiter.SpringExtension.postProcessTestInstance(SpringExtension.java:138) ~[spring-test-6.0.21.jar:6.0.21]
	at org.junit.jupiter.engine.descriptor.ClassBasedTestDescriptor.lambda$invokeTestInstancePostProcessors$10(ClassBasedTestDescriptor.java:377) ~[junit-jupiter-engine-5.9.3.jar:5.9.3]
	at org.junit.jupiter.engine.descriptor.ClassBasedTestDescriptor.executeAndMaskThrowable(ClassBasedTestDescriptor.java:382) ~[junit-jupiter-engine-5.9.3.jar:5.9.3]
	at org.junit.jupiter.engine.descriptor.ClassBasedTestDescriptor.lambda$invokeTestInstancePostProcessors$11(ClassBasedTestDescriptor.java:377) ~[junit-jupiter-engine-5.9.3.jar:5.9.3]
	at java.base/java.util.stream.ReferencePipeline$3$1.accept(ReferencePipeline.java:197) ~[na:na]
	at java.base/java.util.stream.ReferencePipeline$2$1.accept(ReferencePipeline.java:179) ~[na:na]
	at java.base/java.util.ArrayList$ArrayListSpliterator.forEachRemaining(ArrayList.java:1708) ~[na:na]
	at java.base/java.util.stream.AbstractPipeline.copyInto(AbstractPipeline.java:509) ~[na:na]
	at java.base/java.util.stream.AbstractPipeline.wrapAndCopyInto(AbstractPipeline.java:499) ~[na:na]
	at java.base/java.util.stream.StreamSpliterators$WrappingSpliterator.forEachRemaining(StreamSpliterators.java:310) ~[na:na]
	at java.base/java.util.stream.Streams$ConcatSpliterator.forEachRemaining(Streams.java:735) ~[na:na]
	at java.base/java.util.stream.Streams$ConcatSpliterator.forEachRemaining(Streams.java:734) ~[na:na]
	at java.base/java.util.stream.ReferencePipeline$Head.forEach(ReferencePipeline.java:762) ~[na:na]
	at org.junit.jupiter.engine.descriptor.ClassBasedTestDescriptor.invokeTestInstancePostProcessors(ClassBasedTestDescriptor.java:376) ~[junit-jupiter-engine-5.9.3.jar:5.9.3]
	at org.junit.jupiter.engine.descriptor.ClassBasedTestDescriptor.lambda$instantiateAndPostProcessTestInstance$6(ClassBasedTestDescriptor.java:289) ~[junit-jupiter-engine-5.9.3.jar:5.9.3]
	at org.junit.platform.engine.support.hierarchical.ThrowableCollector.execute(ThrowableCollector.java:73) ~[junit-platform-engine-1.9.3.jar:1.9.3]
	at org.junit.jupiter.engine.descriptor.ClassBasedTestDescriptor.instantiateAndPostProcessTestInstance(ClassBasedTestDescriptor.java:288) ~[junit-jupiter-engine-5.9.3.jar:5.9.3]
	at org.junit.jupiter.engine.descriptor.ClassBasedTestDescriptor.lambda$testInstancesProvider$4(ClassBasedTestDescriptor.java:278) ~[junit-jupiter-engine-5.9.3.jar:5.9.3]
	at java.base/java.util.Optional.orElseGet(Optional.java:364) ~[na:na]
	at org.junit.jupiter.engine.descriptor.ClassBasedTestDescriptor.lambda$testInstancesProvider$5(ClassBasedTestDescriptor.java:277) ~[junit-jupiter-engine-5.9.3.jar:5.9.3]
	at org.junit.jupiter.engine.execution.TestInstancesProvider.getTestInstances(TestInstancesProvider.java:31) ~[junit-jupiter-engine-5.9.3.jar:5.9.3]
	at org.junit.jupiter.engine.descriptor.TestMethodTestDescriptor.lambda$prepare$0(TestMethodTestDescriptor.java:105) ~[junit-jupiter-engine-5.9.3.jar:5.9.3]
	at org.junit.platform.engine.support.hierarchical.ThrowableCollector.execute(ThrowableCollector.java:73) ~[junit-platform-engine-1.9.3.jar:1.9.3]
	at org.junit.jupiter.engine.descriptor.TestMethodTestDescriptor.prepare(TestMethodTestDescriptor.java:104) ~[junit-jupiter-engine-5.9.3.jar:5.9.3]
	at org.junit.jupiter.engine.descriptor.TestMethodTestDescriptor.prepare(TestMethodTestDescriptor.java:68) ~[junit-jupiter-engine-5.9.3.jar:5.9.3]
	at org.junit.platform.engine.support.hierarchical.NodeTestTask.lambda$prepare$2(NodeTestTask.java:123) ~[junit-platform-engine-1.9.3.jar:1.9.3]
	at org.junit.platform.engine.support.hierarchical.ThrowableCollector.execute(ThrowableCollector.java:73) ~[junit-platform-engine-1.9.3.jar:1.9.3]
	at org.junit.platform.engine.support.hierarchical.NodeTestTask.prepare(NodeTestTask.java:123) ~[junit-platform-engine-1.9.3.jar:1.9.3]
	at org.junit.platform.engine.support.hierarchical.NodeTestTask.execute(NodeTestTask.java:90) ~[junit-platform-engine-1.9.3.jar:1.9.3]
	at java.base/java.util.ArrayList.forEach(ArrayList.java:1596) ~[na:na]
	at org.junit.platform.engine.support.hierarchical.SameThreadHierarchicalTestExecutorService.invokeAll(SameThreadHierarchicalTestExecutorService.java:41) ~[junit-platform-engine-1.9.3.jar:1.9.3]
	at org.junit.platform.engine.support.hierarchical.NodeTestTask.lambda$executeRecursively$6(NodeTestTask.java:155) ~[junit-platform-engine-1.9.3.jar:1.9.3]
	at org.junit.platform.engine.support.hierarchical.ThrowableCollector.execute(ThrowableCollector.java:73) ~[junit-platform-engine-1.9.3.jar:1.9.3]
	at org.junit.platform.engine.support.hierarchical.NodeTestTask.lambda$executeRecursively$8(NodeTestTask.java:141) ~[junit-platform-engine-1.9.3.jar:1.9.3]
	at org.junit.platform.engine.support.hierarchical.Node.around(Node.java:137) ~[junit-platform-engine-1.9.3.jar:1.9.3]
	at org.junit.platform.engine.support.hierarchical.NodeTestTask.lambda$executeRecursively$9(NodeTestTask.java:139) ~[junit-platform-engine-1.9.3.jar:1.9.3]
	at org.junit.platform.engine.support.hierarchical.ThrowableCollector.execute(ThrowableCollector.java:73) ~[junit-platform-engine-1.9.3.jar:1.9.3]
	at org.junit.platform.engine.support.hierarchical.NodeTestTask.executeRecursively(NodeTestTask.java:138) ~[junit-platform-engine-1.9.3.jar:1.9.3]
	at org.junit.platform.engine.support.hierarchical.NodeTestTask.execute(NodeTestTask.java:95) ~[junit-platform-engine-1.9.3.jar:1.9.3]
	at java.base/java.util.ArrayList.forEach(ArrayList.java:1596) ~[na:na]
	at org.junit.platform.engine.support.hierarchical.SameThreadHierarchicalTestExecutorService.invokeAll(SameThreadHierarchicalTestExecutorService.java:41) ~[junit-platform-engine-1.9.3.jar:1.9.3]
	at org.junit.platform.engine.support.hierarchical.NodeTestTask.lambda$executeRecursively$6(NodeTestTask.java:155) ~[junit-platform-engine-1.9.3.jar:1.9.3]
	at org.junit.platform.engine.support.hierarchical.ThrowableCollector.execute(ThrowableCollector.java:73) ~[junit-platform-engine-1.9.3.jar:1.9.3]
	at org.junit.platform.engine.support.hierarchical.NodeTestTask.lambda$executeRecursively$8(NodeTestTask.java:141) ~[junit-platform-engine-1.9.3.jar:1.9.3]
	at org.junit.platform.engine.support.hierarchical.Node.around(Node.java:137) ~[junit-platform-engine-1.9.3.jar:1.9.3]
	at org.junit.platform.engine.support.hierarchical.NodeTestTask.lambda$executeRecursively$9(NodeTestTask.java:139) ~[junit-platform-engine-1.9.3.jar:1.9.3]
	at org.junit.platform.engine.support.hierarchical.ThrowableCollector.execute(ThrowableCollector.java:73) ~[junit-platform-engine-1.9.3.jar:1.9.3]
	at org.junit.platform.engine.support.hierarchical.NodeTestTask.executeRecursively(NodeTestTask.java:138) ~[junit-platform-engine-1.9.3.jar:1.9.3]
	at org.junit.platform.engine.support.hierarchical.NodeTestTask.execute(NodeTestTask.java:95) ~[junit-platform-engine-1.9.3.jar:1.9.3]
	at org.junit.platform.engine.support.hierarchical.SameThreadHierarchicalTestExecutorService.submit(SameThreadHierarchicalTestExecutorService.java:35) ~[junit-platform-engine-1.9.3.jar:1.9.3]
	at org.junit.platform.engine.support.hierarchical.HierarchicalTestExecutor.execute(HierarchicalTestExecutor.java:57) ~[junit-platform-engine-1.9.3.jar:1.9.3]
	at org.junit.platform.engine.support.hierarchical.HierarchicalTestEngine.execute(HierarchicalTestEngine.java:54) ~[junit-platform-engine-1.9.3.jar:1.9.3]
	at org.junit.platform.launcher.core.EngineExecutionOrchestrator.execute(EngineExecutionOrchestrator.java:147) ~[junit-platform-launcher-1.9.3.jar:1.9.3]
	at org.junit.platform.launcher.core.EngineExecutionOrchestrator.execute(EngineExecutionOrchestrator.java:127) ~[junit-platform-launcher-1.9.3.jar:1.9.3]
	at org.junit.platform.launcher.core.EngineExecutionOrchestrator.execute(EngineExecutionOrchestrator.java:90) ~[junit-platform-launcher-1.9.3.jar:1.9.3]
	at org.junit.platform.launcher.core.EngineExecutionOrchestrator.lambda$execute$0(EngineExecutionOrchestrator.java:55) ~[junit-platform-launcher-1.9.3.jar:1.9.3]
	at org.junit.platform.launcher.core.EngineExecutionOrchestrator.withInterceptedStreams(EngineExecutionOrchestrator.java:102) ~[junit-platform-launcher-1.9.3.jar:1.9.3]
	at org.junit.platform.launcher.core.EngineExecutionOrchestrator.execute(EngineExecutionOrchestrator.java:54) ~[junit-platform-launcher-1.9.3.jar:1.9.3]
	at org.junit.platform.launcher.core.DefaultLauncher.execute(DefaultLauncher.java:114) ~[junit-platform-launcher-1.9.3.jar:1.9.3]
	at org.junit.platform.launcher.core.DefaultLauncher.execute(DefaultLauncher.java:86) ~[junit-platform-launcher-1.9.3.jar:1.9.3]
	at org.junit.platform.launcher.core.DefaultLauncherSession$DelegatingLauncher.execute(DefaultLauncherSession.java:86) ~[junit-platform-launcher-1.9.3.jar:1.9.3]
	at org.apache.maven.surefire.junitplatform.LazyLauncher.execute(LazyLauncher.java:50) ~[surefire-junit-platform-3.0.0.jar:3.0.0]
	at org.apache.maven.surefire.junitplatform.JUnitPlatformProvider.execute(JUnitPlatformProvider.java:184) ~[surefire-junit-platform-3.0.0.jar:3.0.0]
	at org.apache.maven.surefire.junitplatform.JUnitPlatformProvider.invokeAllTests(JUnitPlatformProvider.java:148) ~[surefire-junit-platform-3.0.0.jar:3.0.0]
	at org.apache.maven.surefire.junitplatform.JUnitPlatformProvider.invoke(JUnitPlatformProvider.java:122) ~[surefire-junit-platform-3.0.0.jar:3.0.0]
	at org.apache.maven.surefire.booter.ForkedBooter.runSuitesInProcess(ForkedBooter.java:385) ~[surefire-booter-3.0.0.jar:3.0.0]
	at org.apache.maven.surefire.booter.ForkedBooter.execute(ForkedBooter.java:162) ~[surefire-booter-3.0.0.jar:3.0.0]
	at org.apache.maven.surefire.booter.ForkedBooter.run(ForkedBooter.java:507) ~[surefire-booter-3.0.0.jar:3.0.0]
	at org.apache.maven.surefire.booter.ForkedBooter.main(ForkedBooter.java:495) ~[surefire-booter-3.0.0.jar:3.0.0]
Caused by: org.springframework.beans.factory.UnsatisfiedDependencyException: Error creating bean with name 'telefonoController' defined in file [C:\Users\Lenovo\OneDrive\Escritorio\MiExamenPrueba\mi-examen-prueba\examen-prueba\target\classes\com\examen\prueba\controller\TelefonoController.class]: Unsatisfied dependency expressed through constructor parameter 0: Error creating bean with name 'telefonoService' defined in file [C:\Users\Lenovo\OneDrive\Escritorio\MiExamenPrueba\mi-examen-prueba\examen-prueba\target\classes\com\examen\prueba\service\TelefonoService.class]: Unsatisfied dependency expressed through constructor parameter 0: Error creating bean with name 'telefonoRepository' defined in com.examen.prueba.repository.TelefonoRepository defined in @EnableMongoRepositories declared on MongoRepositoriesRegistrar.EnableMongoRepositoriesConfiguration: Cannot resolve reference to bean 'mongoTemplate' while setting bean property 'mongoOperations'
	at org.springframework.beans.factory.support.ConstructorResolver.createArgumentArray(ConstructorResolver.java:794) ~[spring-beans-6.0.21.jar:6.0.21]
	at org.springframework.beans.factory.support.ConstructorResolver.autowireConstructor(ConstructorResolver.java:236) ~[spring-beans-6.0.21.jar:6.0.21]
	at org.springframework.beans.factory.support.AbstractAutowireCapableBeanFactory.autowireConstructor(AbstractAutowireCapableBeanFactory.java:1350) ~[spring-beans-6.0.21.jar:6.0.21]
	at org.springframework.beans.factory.support.AbstractAutowireCapableBeanFactory.createBeanInstance(AbstractAutowireCapableBeanFactory.java:1187) ~[spring-beans-6.0.21.jar:6.0.21]
	at org.springframework.beans.factory.support.AbstractAutowireCapableBeanFactory.doCreateBean(AbstractAutowireCapableBeanFactory.java:558) ~[spring-beans-6.0.21.jar:6.0.21]
	at org.springframework.beans.factory.support.AbstractAutowireCapableBeanFactory.createBean(AbstractAutowireCapableBeanFactory.java:518) ~[spring-beans-6.0.21.jar:6.0.21]
	at org.springframework.beans.factory.support.AbstractBeanFactory.lambda$doGetBean$0(AbstractBeanFactory.java:326) ~[spring-beans-6.0.21.jar:6.0.21]
	at org.springframework.beans.factory.support.DefaultSingletonBeanRegistry.getSingleton(DefaultSingletonBeanRegistry.java:234) ~[spring-beans-6.0.21.jar:6.0.21]
	at org.springframework.beans.factory.support.AbstractBeanFactory.doGetBean(AbstractBeanFactory.java:324) ~[spring-beans-6.0.21.jar:6.0.21]
	at org.springframework.beans.factory.support.AbstractBeanFactory.getBean(AbstractBeanFactory.java:200) ~[spring-beans-6.0.21.jar:6.0.21]
	at org.springframework.beans.factory.support.DefaultListableBeanFactory.preInstantiateSingletons(DefaultListableBeanFactory.java:973) ~[spring-beans-6.0.21.jar:6.0.21]
	at org.springframework.context.support.AbstractApplicationContext.finishBeanFactoryInitialization(AbstractApplicationContext.java:952) ~[spring-context-6.0.21.jar:6.0.21]
	at org.springframework.context.support.AbstractApplicationContext.refresh(AbstractApplicationContext.java:615) ~[spring-context-6.0.21.jar:6.0.21]
	at org.springframework.boot.SpringApplication.refresh(SpringApplication.java:739) ~[spring-boot-3.1.12.jar:3.1.12]
	at org.springframework.boot.SpringApplication.refreshContext(SpringApplication.java:441) ~[spring-boot-3.1.12.jar:3.1.12]
	at org.springframework.boot.SpringApplication.run(SpringApplication.java:325) ~[spring-boot-3.1.12.jar:3.1.12]
	at org.springframework.boot.test.context.SpringBootContextLoader.lambda$loadContext$3(SpringBootContextLoader.java:137) ~[spring-boot-test-3.1.12.jar:3.1.12]
	at org.springframework.util.function.ThrowingSupplier.get(ThrowingSupplier.java:58) ~[spring-core-6.0.21.jar:6.0.21]
	at org.springframework.util.function.ThrowingSupplier.get(ThrowingSupplier.java:46) ~[spring-core-6.0.21.jar:6.0.21]
	at org.springframework.boot.SpringApplication.withHook(SpringApplication.java:1427) ~[spring-boot-3.1.12.jar:3.1.12]
	at org.springframework.boot.test.context.SpringBootContextLoader$ContextLoaderHook.run(SpringBootContextLoader.java:546) ~[spring-boot-test-3.1.12.jar:3.1.12]
	at org.springframework.boot.test.context.SpringBootContextLoader.loadContext(SpringBootContextLoader.java:137) ~[spring-boot-test-3.1.12.jar:3.1.12]
	at org.springframework.boot.test.context.SpringBootContextLoader.loadContext(SpringBootContextLoader.java:108) ~[spring-boot-test-3.1.12.jar:3.1.12]
	at org.springframework.test.context.cache.DefaultCacheAwareContextLoaderDelegate.loadContextInternal(DefaultCacheAwareContextLoaderDelegate.java:187) ~[spring-test-6.0.21.jar:6.0.21]
	at org.springframework.test.context.cache.DefaultCacheAwareContextLoaderDelegate.loadContext(DefaultCacheAwareContextLoaderDelegate.java:119) ~[spring-test-6.0.21.jar:6.0.21]
	... 73 common frames omitted
Caused by: org.springframework.beans.factory.UnsatisfiedDependencyException: Error creating bean with name 'telefonoService' defined in file [C:\Users\Lenovo\OneDrive\Escritorio\MiExamenPrueba\mi-examen-prueba\examen-prueba\target\classes\com\examen\prueba\service\TelefonoService.class]: Unsatisfied dependency expressed through constructor parameter 0: Error creating bean with name 'telefonoRepository' defined in com.examen.prueba.repository.TelefonoRepository defined in @EnableMongoRepositories declared on MongoRepositoriesRegistrar.EnableMongoRepositoriesConfiguration: Cannot resolve reference to bean 'mongoTemplate' while setting bean property 'mongoOperations'
	at org.springframework.beans.factory.support.ConstructorResolver.createArgumentArray(ConstructorResolver.java:794) ~[spring-beans-6.0.21.jar:6.0.21]
	at org.springframework.beans.factory.support.ConstructorResolver.autowireConstructor(ConstructorResolver.java:236) ~[spring-beans-6.0.21.jar:6.0.21]
	at org.springframework.beans.factory.support.AbstractAutowireCapableBeanFactory.autowireConstructor(AbstractAutowireCapableBeanFactory.java:1350) ~[spring-beans-6.0.21.jar:6.0.21]
	at org.springframework.beans.factory.support.AbstractAutowireCapableBeanFactory.createBeanInstance(AbstractAutowireCapableBeanFactory.java:1187) ~[spring-beans-6.0.21.jar:6.0.21]
	at org.springframework.beans.factory.support.AbstractAutowireCapableBeanFactory.doCreateBean(AbstractAutowireCapableBeanFactory.java:558) ~[spring-beans-6.0.21.jar:6.0.21]
	at org.springframework.beans.factory.support.AbstractAutowireCapableBeanFactory.createBean(AbstractAutowireCapableBeanFactory.java:518) ~[spring-beans-6.0.21.jar:6.0.21]
	at org.springframework.beans.factory.support.AbstractBeanFactory.lambda$doGetBean$0(AbstractBeanFactory.java:326) ~[spring-beans-6.0.21.jar:6.0.21]
	at org.springframework.beans.factory.support.DefaultSingletonBeanRegistry.getSingleton(DefaultSingletonBeanRegistry.java:234) ~[spring-beans-6.0.21.jar:6.0.21]
	at org.springframework.beans.factory.support.AbstractBeanFactory.doGetBean(AbstractBeanFactory.java:324) ~[spring-beans-6.0.21.jar:6.0.21]
	at org.springframework.beans.factory.support.AbstractBeanFactory.getBean(AbstractBeanFactory.java:200) ~[spring-beans-6.0.21.jar:6.0.21]
	at org.springframework.beans.factory.config.DependencyDescriptor.resolveCandidate(DependencyDescriptor.java:254) ~[spring-beans-6.0.21.jar:6.0.21]
	at org.springframework.beans.factory.support.DefaultListableBeanFactory.doResolveDependency(DefaultListableBeanFactory.java:1417) ~[spring-beans-6.0.21.jar:6.0.21]
	at org.springframework.beans.factory.support.DefaultListableBeanFactory.resolveDependency(DefaultListableBeanFactory.java:1337) ~[spring-beans-6.0.21.jar:6.0.21]
	at org.springframework.beans.factory.support.ConstructorResolver.resolveAutowiredArgument(ConstructorResolver.java:903) ~[spring-beans-6.0.21.jar:6.0.21]
	at org.springframework.beans.factory.support.ConstructorResolver.createArgumentArray(ConstructorResolver.java:781) ~[spring-beans-6.0.21.jar:6.0.21]
	... 97 common frames omitted
Caused by: org.springframework.beans.factory.BeanCreationException: Error creating bean with name 'telefonoRepository' defined in com.examen.prueba.repository.TelefonoRepository defined in @EnableMongoRepositories declared on MongoRepositoriesRegistrar.EnableMongoRepositoriesConfiguration: Cannot resolve reference to bean 'mongoTemplate' while setting bean property 'mongoOperations'
	at org.springframework.beans.factory.support.BeanDefinitionValueResolver.resolveReference(BeanDefinitionValueResolver.java:377) ~[spring-beans-6.0.21.jar:6.0.21]
	at org.springframework.beans.factory.support.BeanDefinitionValueResolver.resolveValueIfNecessary(BeanDefinitionValueResolver.java:135) ~[spring-beans-6.0.21.jar:6.0.21]
	at org.springframework.beans.factory.support.AbstractAutowireCapableBeanFactory.applyPropertyValues(AbstractAutowireCapableBeanFactory.java:1680) ~[spring-beans-6.0.21.jar:6.0.21]
	at org.springframework.beans.factory.support.AbstractAutowireCapableBeanFactory.populateBean(AbstractAutowireCapableBeanFactory.java:1429) ~[spring-beans-6.0.21.jar:6.0.21]
	at org.springframework.beans.factory.support.AbstractAutowireCapableBeanFactory.doCreateBean(AbstractAutowireCapableBeanFactory.java:595) ~[spring-beans-6.0.21.jar:6.0.21]
	at org.springframework.beans.factory.support.AbstractAutowireCapableBeanFactory.createBean(AbstractAutowireCapableBeanFactory.java:518) ~[spring-beans-6.0.21.jar:6.0.21]
	at org.springframework.beans.factory.support.AbstractBeanFactory.lambda$doGetBean$0(AbstractBeanFactory.java:326) ~[spring-beans-6.0.21.jar:6.0.21]
	at org.springframework.beans.factory.support.DefaultSingletonBeanRegistry.getSingleton(DefaultSingletonBeanRegistry.java:234) ~[spring-beans-6.0.21.jar:6.0.21]
	at org.springframework.beans.factory.support.AbstractBeanFactory.doGetBean(AbstractBeanFactory.java:324) ~[spring-beans-6.0.21.jar:6.0.21]
	at org.springframework.beans.factory.support.AbstractBeanFactory.getBean(AbstractBeanFactory.java:200) ~[spring-beans-6.0.21.jar:6.0.21]
	at org.springframework.beans.factory.config.DependencyDescriptor.resolveCandidate(DependencyDescriptor.java:254) ~[spring-beans-6.0.21.jar:6.0.21]
	at org.springframework.beans.factory.support.DefaultListableBeanFactory.doResolveDependency(DefaultListableBeanFactory.java:1417) ~[spring-beans-6.0.21.jar:6.0.21]
	at org.springframework.beans.factory.support.DefaultListableBeanFactory.resolveDependency(DefaultListableBeanFactory.java:1337) ~[spring-beans-6.0.21.jar:6.0.21]
	at org.springframework.beans.factory.support.ConstructorResolver.resolveAutowiredArgument(ConstructorResolver.java:903) ~[spring-beans-6.0.21.jar:6.0.21]
	at org.springframework.beans.factory.support.ConstructorResolver.createArgumentArray(ConstructorResolver.java:781) ~[spring-beans-6.0.21.jar:6.0.21]
	... 111 common frames omitted
Caused by: org.springframework.beans.factory.BeanCreationException: Error creating bean with name 'mongoTemplate' defined in class path resource [org/springframework/boot/autoconfigure/data/mongo/MongoDatabaseFactoryDependentConfiguration.class]: Failed to instantiate [org.springframework.data.mongodb.core.MongoTemplate]: Factory method 'mongoTemplate' threw exception with message: Exception authenticating MongoCredential{mechanism=SCRAM-SHA-1, userName='admin', source='test', password=<hidden>, mechanismProperties=<hidden>}
	at org.springframework.beans.factory.support.ConstructorResolver.instantiate(ConstructorResolver.java:647) ~[spring-beans-6.0.21.jar:6.0.21]
	at org.springframework.beans.factory.support.ConstructorResolver.instantiateUsingFactoryMethod(ConstructorResolver.java:635) ~[spring-beans-6.0.21.jar:6.0.21]
	at org.springframework.beans.factory.support.AbstractAutowireCapableBeanFactory.instantiateUsingFactoryMethod(AbstractAutowireCapableBeanFactory.java:1330) ~[spring-beans-6.0.21.jar:6.0.21]
	at org.springframework.beans.factory.support.AbstractAutowireCapableBeanFactory.createBeanInstance(AbstractAutowireCapableBeanFactory.java:1160) ~[spring-beans-6.0.21.jar:6.0.21]
	at org.springframework.beans.factory.support.AbstractAutowireCapableBeanFactory.doCreateBean(AbstractAutowireCapableBeanFactory.java:558) ~[spring-beans-6.0.21.jar:6.0.21]
	at org.springframework.beans.factory.support.AbstractAutowireCapableBeanFactory.createBean(AbstractAutowireCapableBeanFactory.java:518) ~[spring-beans-6.0.21.jar:6.0.21]
	at org.springframework.beans.factory.support.AbstractBeanFactory.lambda$doGetBean$0(AbstractBeanFactory.java:326) ~[spring-beans-6.0.21.jar:6.0.21]
	at org.springframework.beans.factory.support.DefaultSingletonBeanRegistry.getSingleton(DefaultSingletonBeanRegistry.java:234) ~[spring-beans-6.0.21.jar:6.0.21]
	at org.springframework.beans.factory.support.AbstractBeanFactory.doGetBean(AbstractBeanFactory.java:324) ~[spring-beans-6.0.21.jar:6.0.21]
	at org.springframework.beans.factory.support.AbstractBeanFactory.getBean(AbstractBeanFactory.java:200) ~[spring-beans-6.0.21.jar:6.0.21]
	at org.springframework.beans.factory.support.BeanDefinitionValueResolver.resolveReference(BeanDefinitionValueResolver.java:365) ~[spring-beans-6.0.21.jar:6.0.21]
	... 125 common frames omitted
Caused by: org.springframework.beans.BeanInstantiationException: Failed to instantiate [org.springframework.data.mongodb.core.MongoTemplate]: Factory method 'mongoTemplate' threw exception with message: Exception authenticating MongoCredential{mechanism=SCRAM-SHA-1, userName='admin', source='test', password=<hidden>, mechanismProperties=<hidden>}
	at org.springframework.beans.factory.support.SimpleInstantiationStrategy.instantiate(SimpleInstantiationStrategy.java:171) ~[spring-beans-6.0.21.jar:6.0.21]
	at org.springframework.beans.factory.support.ConstructorResolver.instantiate(ConstructorResolver.java:643) ~[spring-beans-6.0.21.jar:6.0.21]
	... 135 common frames omitted
Caused by: org.springframework.data.mongodb.UncategorizedMongoDbException: Exception authenticating MongoCredential{mechanism=SCRAM-SHA-1, userName='admin', source='test', password=<hidden>, mechanismProperties=<hidden>}
	at org.springframework.data.mongodb.core.MongoExceptionTranslator.translateExceptionIfPossible(MongoExceptionTranslator.java:140) ~[spring-data-mongodb-4.1.12.jar:4.1.12]
	at org.springframework.data.mongodb.core.MongoTemplate.potentiallyConvertRuntimeException(MongoTemplate.java:2941) ~[spring-data-mongodb-4.1.12.jar:4.1.12]
	at org.springframework.data.mongodb.core.MongoTemplate.execute(MongoTemplate.java:602) ~[spring-data-mongodb-4.1.12.jar:4.1.12]
	at org.springframework.data.mongodb.core.DefaultIndexOperations.execute(DefaultIndexOperations.java:215) ~[spring-data-mongodb-4.1.12.jar:4.1.12]
	at org.springframework.data.mongodb.core.DefaultIndexOperations.ensureIndex(DefaultIndexOperations.java:119) ~[spring-data-mongodb-4.1.12.jar:4.1.12]
	at org.springframework.data.mongodb.core.index.MongoPersistentEntityIndexCreator.createIndex(MongoPersistentEntityIndexCreator.java:153) ~[spring-data-mongodb-4.1.12.jar:4.1.12]
	at org.springframework.data.mongodb.core.index.MongoPersistentEntityIndexCreator.checkForAndCreateIndexes(MongoPersistentEntityIndexCreator.java:143) ~[spring-data-mongodb-4.1.12.jar:4.1.12]
	at org.springframework.data.mongodb.core.index.MongoPersistentEntityIndexCreator.checkForIndexes(MongoPersistentEntityIndexCreator.java:127) ~[spring-data-mongodb-4.1.12.jar:4.1.12]
	at org.springframework.data.mongodb.core.index.MongoPersistentEntityIndexCreator.<init>(MongoPersistentEntityIndexCreator.java:96) ~[spring-data-mongodb-4.1.12.jar:4.1.12]
	at org.springframework.data.mongodb.core.index.MongoPersistentEntityIndexCreator.<init>(MongoPersistentEntityIndexCreator.java:73) ~[spring-data-mongodb-4.1.12.jar:4.1.12]
	at org.springframework.data.mongodb.core.MongoTemplate.<init>(MongoTemplate.java:262) ~[spring-data-mongodb-4.1.12.jar:4.1.12]
	at org.springframework.boot.autoconfigure.data.mongo.MongoDatabaseFactoryDependentConfiguration.mongoTemplate(MongoDatabaseFactoryDependentConfiguration.java:61) ~[spring-boot-autoconfigure-3.1.12.jar:3.1.12]
	at java.base/jdk.internal.reflect.DirectMethodHandleAccessor.invoke(DirectMethodHandleAccessor.java:103) ~[na:na]
	at java.base/java.lang.reflect.Method.invoke(Method.java:580) ~[na:na]
	at org.springframework.beans.factory.support.SimpleInstantiationStrategy.instantiate(SimpleInstantiationStrategy.java:139) ~[spring-beans-6.0.21.jar:6.0.21]
	... 136 common frames omitted
Caused by: com.mongodb.MongoSecurityException: Exception authenticating MongoCredential{mechanism=SCRAM-SHA-1, userName='admin', source='test', password=<hidden>, mechanismProperties=<hidden>}
	at com.mongodb.internal.connection.SaslAuthenticator.wrapException(SaslAuthenticator.java:270) ~[mongodb-driver-core-4.9.1.jar:na]
	at com.mongodb.internal.connection.SaslAuthenticator.getNextSaslResponse(SaslAuthenticator.java:133) ~[mongodb-driver-core-4.9.1.jar:na]
	at com.mongodb.internal.connection.SaslAuthenticator.lambda$authenticate$0(SaslAuthenticator.java:63) ~[mongodb-driver-core-4.9.1.jar:na]
	at com.mongodb.internal.connection.SaslAuthenticator.doAsSubject(SaslAuthenticator.java:277) ~[mongodb-driver-core-4.9.1.jar:na]
	at com.mongodb.internal.connection.SaslAuthenticator.authenticate(SaslAuthenticator.java:59) ~[mongodb-driver-core-4.9.1.jar:na]
	at com.mongodb.internal.connection.DefaultAuthenticator.authenticate(DefaultAuthenticator.java:57) ~[mongodb-driver-core-4.9.1.jar:na]
	at com.mongodb.internal.connection.InternalStreamConnectionInitializer.authenticate(InternalStreamConnectionInitializer.java:205) ~[mongodb-driver-core-4.9.1.jar:na]
	at com.mongodb.internal.connection.InternalStreamConnectionInitializer.finishHandshake(InternalStreamConnectionInitializer.java:85) ~[mongodb-driver-core-4.9.1.jar:na]
	at com.mongodb.internal.connection.InternalStreamConnection.open(InternalStreamConnection.java:209) ~[mongodb-driver-core-4.9.1.jar:na]
	at com.mongodb.internal.connection.UsageTrackingInternalConnection.open(UsageTrackingInternalConnection.java:55) ~[mongodb-driver-core-4.9.1.jar:na]
	at com.mongodb.internal.connection.DefaultConnectionPool$PooledConnection.open(DefaultConnectionPool.java:534) ~[mongodb-driver-core-4.9.1.jar:na]
	at com.mongodb.internal.connection.DefaultConnectionPool$OpenConcurrencyLimiter.openWithConcurrencyLimit(DefaultConnectionPool.java:895) ~[mongodb-driver-core-4.9.1.jar:na]
	at com.mongodb.internal.connection.DefaultConnectionPool$OpenConcurrencyLimiter.openOrGetAvailable(DefaultConnectionPool.java:836) ~[mongodb-driver-core-4.9.1.jar:na]
	at com.mongodb.internal.connection.DefaultConnectionPool.get(DefaultConnectionPool.java:177) ~[mongodb-driver-core-4.9.1.jar:na]
	at com.mongodb.internal.connection.DefaultConnectionPool.get(DefaultConnectionPool.java:166) ~[mongodb-driver-core-4.9.1.jar:na]
	at com.mongodb.internal.connection.DefaultServer.getConnection(DefaultServer.java:97) ~[mongodb-driver-core-4.9.1.jar:na]
	at com.mongodb.internal.binding.ClusterBinding$ClusterBindingConnectionSource.getConnection(ClusterBinding.java:173) ~[mongodb-driver-core-4.9.1.jar:na]
	at com.mongodb.client.internal.ClientSessionBinding$SessionBindingConnectionSource.getConnection(ClientSessionBinding.java:193) ~[mongodb-driver-sync-4.9.1.jar:na]
	at com.mongodb.internal.operation.OperationHelper.withConnectionSource(OperationHelper.java:337) ~[mongodb-driver-core-4.9.1.jar:na]
	at com.mongodb.internal.operation.OperationHelper.withConnection(OperationHelper.java:330) ~[mongodb-driver-core-4.9.1.jar:na]
	at com.mongodb.internal.operation.CreateIndexesOperation.execute(CreateIndexesOperation.java:129) ~[mongodb-driver-core-4.9.1.jar:na]
	at com.mongodb.internal.operation.CreateIndexesOperation.execute(CreateIndexesOperation.java:68) ~[mongodb-driver-core-4.9.1.jar:na]
	at com.mongodb.client.internal.MongoClientDelegate$DelegateOperationExecutor.execute(MongoClientDelegate.java:206) ~[mongodb-driver-sync-4.9.1.jar:na]
	at com.mongodb.client.internal.MongoCollectionImpl.executeCreateIndexes(MongoCollectionImpl.java:862) ~[mongodb-driver-sync-4.9.1.jar:na]
	at com.mongodb.client.internal.MongoCollectionImpl.createIndexes(MongoCollectionImpl.java:845) ~[mongodb-driver-sync-4.9.1.jar:na]
	at com.mongodb.client.internal.MongoCollectionImpl.createIndexes(MongoCollectionImpl.java:840) ~[mongodb-driver-sync-4.9.1.jar:na]
	at com.mongodb.client.internal.MongoCollectionImpl.createIndex(MongoCollectionImpl.java:825) ~[mongodb-driver-sync-4.9.1.jar:na]
	at org.springframework.data.mongodb.core.DefaultIndexOperations.lambda$ensureIndex$0(DefaultIndexOperations.java:129) ~[spring-data-mongodb-4.1.12.jar:4.1.12]
	at org.springframework.data.mongodb.core.MongoTemplate.execute(MongoTemplate.java:600) ~[spring-data-mongodb-4.1.12.jar:4.1.12]
	... 148 common frames omitted
Caused by: com.mongodb.MongoCommandException: Command failed with error 18 (AuthenticationFailed): 'Authentication failed.' on server localhost:27017. The full response is {"ok": 0.0, "errmsg": "Authentication failed.", "code": 18, "codeName": "AuthenticationFailed"}
	at com.mongodb.internal.connection.ProtocolHelper.getCommandFailureException(ProtocolHelper.java:205) ~[mongodb-driver-core-4.9.1.jar:na]
	at com.mongodb.internal.connection.InternalStreamConnection.receiveCommandMessageResponse(InternalStreamConnection.java:443) ~[mongodb-driver-core-4.9.1.jar:na]
	at com.mongodb.internal.connection.InternalStreamConnection.sendAndReceive(InternalStreamConnection.java:365) ~[mongodb-driver-core-4.9.1.jar:na]
	at com.mongodb.internal.connection.CommandHelper.sendAndReceive(CommandHelper.java:102) ~[mongodb-driver-core-4.9.1.jar:na]
	at com.mongodb.internal.connection.CommandHelper.executeCommand(CommandHelper.java:49) ~[mongodb-driver-core-4.9.1.jar:na]
	at com.mongodb.internal.connection.SaslAuthenticator.sendSaslStart(SaslAuthenticator.java:224) ~[mongodb-driver-core-4.9.1.jar:na]
	at com.mongodb.internal.connection.SaslAuthenticator.getNextSaslResponse(SaslAuthenticator.java:131) ~[mongodb-driver-core-4.9.1.jar:na]
	... 175 common frames omitted

]]></system-out>
    <system-err><![CDATA[


============================
CONDITIONS EVALUATION REPORT
============================


Positive matches:
-----------------

    None


Negative matches:
-----------------

    None


Exclusions:
-----------

    None


Unconditional classes:
----------------------

    None



]]></system-err>
  </testcase>
</testsuite>